#
# There is insufficient memory for the Java Runtime Environment to continue.
# Native memory allocation (mmap) failed to map 1015021568 bytes for G1 virtual space
# Possible reasons:
#   The system is out of physical RAM or swap space
#   The process is running with CompressedOops enabled, and the Java Heap may be blocking the growth of the native heap
# Possible solutions:
#   Reduce memory load on the system
#   Increase physical memory or swap space
#   Check if swap backing store is full
#   Decrease Java heap size (-Xmx/-Xms)
#   Decrease number of Java threads
#   Decrease Java thread stack sizes (-Xss)
#   Set larger code cache with -XX:ReservedCodeCacheSize=
#   JVM is running with Zero Based Compressed Oops mode in which the Java heap is
#     placed in the first 32GB address space. The Java Heap base address is the
#     maximum limit for the native heap growth. Please use -XX:HeapBaseMinAddress
#     to set the Java Heap base and to place the Java Heap above 32GB virtual address.
# This output file may be truncated or incomplete.
#
#  Out of Memory Error (os_windows.cpp:3603), pid=23020, tid=136164
#
# JRE version: Java(TM) SE Runtime Environment (21.0.6+8) (build 21.0.6+8-LTS-188)
# Java VM: Java HotSpot(TM) 64-Bit Server VM (21.0.6+8-LTS-188, mixed mode, sharing, tiered, compressed oops, compressed class ptrs, g1 gc, windows-amd64)
# No core dump will be written. Minidumps are not enabled by default on client versions of Windows
#

---------------  S U M M A R Y ------------

Command Line: -XX:MaxMetaspaceSize=2G -XX:+HeapDumpOnOutOfMemoryError --add-opens=java.base/java.util=ALL-UNNAMED --add-opens=java.base/java.lang=ALL-UNNAMED --add-opens=java.base/java.lang.invoke=ALL-UNNAMED --add-opens=java.prefs/java.util.prefs=ALL-UNNAMED --add-opens=java.base/java.nio.charset=ALL-UNNAMED --add-opens=java.base/java.net=ALL-UNNAMED --add-opens=java.base/java.util.concurrent.atomic=ALL-UNNAMED -Xmx4G -Dfile.encoding=utf8 -Duser.country=US -Duser.language=en -Duser.variant -javaagent:C:\Users\ibamq\.gradle\wrapper\dists\gradle-8.5-all\3zlzzgtsutfj0pbojr50n2l7z\gradle-8.5\lib\agents\gradle-instrumentation-agent-8.5.jar org.gradle.launcher.daemon.bootstrap.GradleDaemon 8.5

Host: AMD Ryzen 3 7320U with Radeon Graphics         , 8 cores, 5G,  Windows 11 , 64 bit Build 26100 (10.0.26100.4202)
Time: Wed Jun 25 18:25:18 2025 SE Asia Standard Time elapsed time: 273.989515 seconds (0d 0h 4m 33s)

---------------  T H R E A D  ---------------

Current thread (0x000001bbe96b2410):  VMThread "VM Thread"          [id=136164, stack(0x0000009d9e400000,0x0000009d9e500000) (1024K)]

Stack: [0x0000009d9e400000,0x0000009d9e500000]
Native frames: (J=compiled Java code, j=interpreted, Vv=VM code, C=native code)
V  [jvm.dll+0x6ca6d9]
V  [jvm.dll+0x854f51]
V  [jvm.dll+0x85747e]
V  [jvm.dll+0x857b53]
V  [jvm.dll+0x27dcc6]
V  [jvm.dll+0x6c6e55]
V  [jvm.dll+0x6bb9da]
V  [jvm.dll+0x35393a]
V  [jvm.dll+0x35b596]
V  [jvm.dll+0x3adefe]
V  [jvm.dll+0x3ae1a8]
V  [jvm.dll+0x327cbc]
V  [jvm.dll+0x327d47]
V  [jvm.dll+0x36c60c]
V  [jvm.dll+0x36ae5e]
V  [jvm.dll+0x327481]
V  [jvm.dll+0x36a57a]
V  [jvm.dll+0x85d920]
V  [jvm.dll+0x85eca4]
V  [jvm.dll+0x85f1e0]
V  [jvm.dll+0x85f483]
V  [jvm.dll+0x7ff2fb]
V  [jvm.dll+0x6c8dbd]
C  [ucrtbase.dll+0x37b0]
C  [KERNEL32.DLL+0x2e8d7]
C  [ntdll.dll+0x3c34c]

VM_Operation (0x0000009da32fb840): G1CollectForAllocation, mode: safepoint, requested by thread 0x000001bbef942050


---------------  P R O C E S S  ---------------

Threads class SMR info:
_java_thread_list=0x000001bbf1928030, length=76, elements={
0x000001bbca52c6c0, 0x000001bbe96cfc80, 0x000001bbe96d1100, 0x000001bbe96d5860,
0x000001bbe96d6600, 0x000001bbe96d8d60, 0x000001bbe96d6c90, 0x000001bbe96e64f0,
0x000001bbe96e9d10, 0x000001bbe96d8040, 0x000001bbe96d7320, 0x000001bbe96d79b0,
0x000001bbe96d9a80, 0x000001bbe96d86d0, 0x000001bbef869e50, 0x000001bbef8676f0,
0x000001bbef867d80, 0x000001bbef8697c0, 0x000001bbef86a4e0, 0x000001bbef867060,
0x000001bbef869130, 0x000001bbef86b890, 0x000001bbef86b200, 0x000001bbef868410,
0x000001bbef86cc40, 0x000001bbef86e680, 0x000001bbef86bf20, 0x000001bbef86c5b0,
0x000001bbef86d960, 0x000001bbeeb17610, 0x000001bbeeb16260, 0x000001bbeeb14190,
0x000001bbeeb17ca0, 0x000001bbeeb14eb0, 0x000001bbeeb15540, 0x000001bbeeb168f0,
0x000001bbeeb16f80, 0x000001bbeeb19d70, 0x000001bbeeb18330, 0x000001bbeeb189c0,
0x000001bbeeb1a400, 0x000001bbf3ad5520, 0x000001bbf3ad4170, 0x000001bbf3ad3ae0,
0x000001bbf3ad96c0, 0x000001bbf3ad8310, 0x000001bbf3ad6f60, 0x000001bbf3ad75f0,
0x000001bbf3ad7c80, 0x000001bbf3ad89a0, 0x000001bbf3ad9030, 0x000001bbf3733b90,
0x000001bbf2ad87d0, 0x000001bbff6ca9a0, 0x000001bbff6cd100, 0x000001bbff6cb030,
0x000001bbff6cca70, 0x000001bbff6cbd50, 0x000001bbff6cfef0, 0x000001bbff6cf1d0,
0x000001bbff6d0580, 0x000001bbff6cf860, 0x000001bbff6d12a0, 0x000001bbff6ce4b0,
0x000001bbff6d0c10, 0x000001bbff6cde20, 0x000001bbff6d1930, 0x000001bbff6d1fc0,
0x000001bbff6ceb40, 0x000001bbef940ca0, 0x000001bbef940610, 0x000001bbef9447b0,
0x000001bbef942050, 0x000001bbf372e640, 0x000001bbf37327e0, 0x000001bbef86d2d0
}

Java Threads: ( => current thread )
  0x000001bbca52c6c0 JavaThread "main"                              [_thread_blocked, id=20648, stack(0x0000009d9dd00000,0x0000009d9de00000) (1024K)]
  0x000001bbe96cfc80 JavaThread "Reference Handler"          daemon [_thread_blocked, id=91608, stack(0x0000009d9e500000,0x0000009d9e600000) (1024K)]
  0x000001bbe96d1100 JavaThread "Finalizer"                  daemon [_thread_blocked, id=143336, stack(0x0000009d9e600000,0x0000009d9e700000) (1024K)]
  0x000001bbe96d5860 JavaThread "Signal Dispatcher"          daemon [_thread_blocked, id=142108, stack(0x0000009d9e700000,0x0000009d9e800000) (1024K)]
  0x000001bbe96d6600 JavaThread "Attach Listener"            daemon [_thread_blocked, id=143980, stack(0x0000009d9e800000,0x0000009d9e900000) (1024K)]
  0x000001bbe96d8d60 JavaThread "Service Thread"             daemon [_thread_blocked, id=143788, stack(0x0000009d9e900000,0x0000009d9ea00000) (1024K)]
  0x000001bbe96d6c90 JavaThread "Monitor Deflation Thread"   daemon [_thread_blocked, id=143736, stack(0x0000009d9ea00000,0x0000009d9eb00000) (1024K)]
  0x000001bbe96e64f0 JavaThread "C2 CompilerThread0"         daemon [_thread_blocked, id=143456, stack(0x0000009d9eb00000,0x0000009d9ec00000) (1024K)]
  0x000001bbe96e9d10 JavaThread "C1 CompilerThread0"         daemon [_thread_blocked, id=143240, stack(0x0000009d9ec00000,0x0000009d9ed00000) (1024K)]
  0x000001bbe96d8040 JavaThread "Common-Cleaner"             daemon [_thread_blocked, id=143944, stack(0x0000009d9ed00000,0x0000009d9ee00000) (1024K)]
  0x000001bbe96d7320 JavaThread "Notification Thread"        daemon [_thread_blocked, id=143536, stack(0x0000009d9ee00000,0x0000009d9ef00000) (1024K)]
  0x000001bbe96d79b0 JavaThread "Daemon health stats"               [_thread_blocked, id=137664, stack(0x0000009d9f300000,0x0000009d9f400000) (1024K)]
  0x000001bbe96d9a80 JavaThread "Incoming local TCP Connector on port 60896"        [_thread_in_native, id=142924, stack(0x0000009d9f400000,0x0000009d9f500000) (1024K)]
  0x000001bbe96d86d0 JavaThread "Daemon periodic checks"            [_thread_blocked, id=73256, stack(0x0000009d9f500000,0x0000009d9f600000) (1024K)]
  0x000001bbef869e50 JavaThread "Daemon"                            [_thread_blocked, id=142148, stack(0x0000009d9f600000,0x0000009d9f700000) (1024K)]
  0x000001bbef8676f0 JavaThread "Handler for socket connection from /127.0.0.1:60896 to /127.0.0.1:60897"        [_thread_in_native, id=135544, stack(0x0000009d9f700000,0x0000009d9f800000) (1024K)]
  0x000001bbef867d80 JavaThread "Cancel handler"                    [_thread_blocked, id=5444, stack(0x0000009d9f800000,0x0000009d9f900000) (1024K)]
  0x000001bbef8697c0 JavaThread "Daemon worker"                     [_thread_blocked, id=23896, stack(0x0000009d9f900000,0x0000009d9fa00000) (1024K)]
  0x000001bbef86a4e0 JavaThread "Asynchronous log dispatcher for DefaultDaemonConnection: socket connection from /127.0.0.1:60896 to /127.0.0.1:60897"        [_thread_blocked, id=139620, stack(0x0000009d9fa00000,0x0000009d9fb00000) (1024K)]
  0x000001bbef867060 JavaThread "Daemon client event forwarder"        [_thread_blocked, id=143952, stack(0x0000009d9fc00000,0x0000009d9fd00000) (1024K)]
  0x000001bbef869130 JavaThread "Cache worker for journal cache (C:\Users\ibamq\.gradle\caches\journal-1)"        [_thread_blocked, id=144268, stack(0x0000009da0000000,0x0000009da0100000) (1024K)]
  0x000001bbef86b890 JavaThread "File lock request listener"        [_thread_in_native, id=144120, stack(0x0000009da0100000,0x0000009da0200000) (1024K)]
  0x000001bbef86b200 JavaThread "Cache worker for file hash cache (C:\Users\ibamq\.gradle\caches\8.5\fileHashes)"        [_thread_blocked, id=144088, stack(0x0000009da0200000,0x0000009da0300000) (1024K)]
  0x000001bbef868410 JavaThread "File lock release action executor"        [_thread_blocked, id=141864, stack(0x0000009da0300000,0x0000009da0400000) (1024K)]
  0x000001bbef86cc40 JavaThread "File watcher server"        daemon [_thread_in_native, id=25980, stack(0x0000009da0600000,0x0000009da0700000) (1024K)]
  0x000001bbef86e680 JavaThread "File watcher consumer"      daemon [_thread_blocked, id=140592, stack(0x0000009da0700000,0x0000009da0800000) (1024K)]
  0x000001bbef86bf20 JavaThread "jar transforms"                    [_thread_blocked, id=140660, stack(0x0000009da0800000,0x0000009da0900000) (1024K)]
  0x000001bbef86c5b0 JavaThread "jar transforms Thread 2"           [_thread_blocked, id=141020, stack(0x0000009da0900000,0x0000009da0a00000) (1024K)]
  0x000001bbef86d960 JavaThread "jar transforms Thread 3"           [_thread_blocked, id=141184, stack(0x0000009da0a00000,0x0000009da0b00000) (1024K)]
  0x000001bbeeb17610 JavaThread "Cache worker for checksums cache (C:\Users\ibamq\OneDrive\Documents\Kuliah\Semester 4\Workshop Pengembangan Perangkat Lunak Berbasis Agile\marketplace_keris\mobile\android\.gradle\8.5\checksums)"        [_thread_blocked, id=4188, stack(0x0000009da0400000,0x0000009da0500000) (1024K)]
  0x000001bbeeb16260 JavaThread "Cache worker for file hash cache (C:\Users\ibamq\OneDrive\Documents\Kuliah\Semester 4\Workshop Pengembangan Perangkat Lunak Berbasis Agile\marketplace_keris\mobile\android\.gradle\8.5\fileHashes)"        [_thread_blocked, id=139884, stack(0x0000009da0b00000,0x0000009da0c00000) (1024K)]
  0x000001bbeeb14190 JavaThread "Cache worker for cache directory md-supplier (C:\Users\ibamq\.gradle\caches\8.5\md-supplier)"        [_thread_blocked, id=139164, stack(0x0000009da0c00000,0x0000009da0d00000) (1024K)]
  0x000001bbeeb17ca0 JavaThread "Cache worker for cache directory md-rule (C:\Users\ibamq\.gradle\caches\8.5\md-rule)"        [_thread_blocked, id=135984, stack(0x0000009da0d00000,0x0000009da0e00000) (1024K)]
  0x000001bbeeb14eb0 JavaThread "Cache worker for file content cache (C:\Users\ibamq\.gradle\caches\8.5\fileContent)"        [_thread_blocked, id=19044, stack(0x0000009da0e00000,0x0000009da0f00000) (1024K)]
  0x000001bbeeb15540 JavaThread "Cache worker for execution history cache (C:\Users\ibamq\.gradle\caches\8.5\executionHistory)"        [_thread_blocked, id=32248, stack(0x0000009da0f00000,0x0000009da1000000) (1024K)]
  0x000001bbeeb168f0 JavaThread "jar transforms Thread 4"           [_thread_blocked, id=143436, stack(0x0000009da1000000,0x0000009da1100000) (1024K)]
  0x000001bbeeb16f80 JavaThread "jar transforms Thread 5"           [_thread_blocked, id=143400, stack(0x0000009da1100000,0x0000009da1200000) (1024K)]
  0x000001bbeeb19d70 JavaThread "jar transforms Thread 6"           [_thread_blocked, id=144444, stack(0x0000009da1200000,0x0000009da1300000) (1024K)]
  0x000001bbeeb18330 JavaThread "jar transforms Thread 7"           [_thread_blocked, id=144448, stack(0x0000009da1300000,0x0000009da1400000) (1024K)]
  0x000001bbeeb189c0 JavaThread "jar transforms Thread 8"           [_thread_blocked, id=144464, stack(0x0000009da1400000,0x0000009da1500000) (1024K)]
  0x000001bbeeb1a400 JavaThread "Cache worker for kotlin-dsl (C:\Users\ibamq\.gradle\caches\8.5\kotlin-dsl)"        [_thread_blocked, id=144536, stack(0x0000009da1500000,0x0000009da1600000) (1024K)]
  0x000001bbf3ad5520 JavaThread "Cache worker for dependencies-accessors (C:\Users\ibamq\OneDrive\Documents\Kuliah\Semester 4\Workshop Pengembangan Perangkat Lunak Berbasis Agile\marketplace_keris\mobile\android\.gradle\8.5\dependencies-accessors)"        [_thread_blocked, id=32636, stack(0x0000009d9da00000,0x0000009d9db00000) (1024K)]
  0x000001bbf3ad4170 JavaThread "Cache worker for Build Output Cleanup Cache (C:\src\flutter\packages\flutter_tools\gradle\.gradle\buildOutputCleanup)"        [_thread_blocked, id=17096, stack(0x0000009d9db00000,0x0000009d9dc00000) (1024K)]
  0x000001bbf3ad3ae0 JavaThread "Kotlin DSL Writer"                 [_thread_blocked, id=143904, stack(0x0000009d9dc00000,0x0000009d9dd00000) (1024K)]
  0x000001bbf3ad96c0 JavaThread "Unconstrained build operations"        [_thread_blocked, id=142288, stack(0x0000009d9fb00000,0x0000009d9fc00000) (1024K)]
  0x000001bbf3ad8310 JavaThread "Unconstrained build operations Thread 2"        [_thread_blocked, id=98884, stack(0x0000009da1700000,0x0000009da1800000) (1024K)]
  0x000001bbf3ad6f60 JavaThread "Unconstrained build operations Thread 3"        [_thread_blocked, id=142032, stack(0x0000009da1800000,0x0000009da1900000) (1024K)]
  0x000001bbf3ad75f0 JavaThread "Unconstrained build operations Thread 4"        [_thread_blocked, id=100896, stack(0x0000009da1900000,0x0000009da1a00000) (1024K)]
  0x000001bbf3ad7c80 JavaThread "Unconstrained build operations Thread 5"        [_thread_blocked, id=100260, stack(0x0000009da1a00000,0x0000009da1b00000) (1024K)]
  0x000001bbf3ad89a0 JavaThread "Unconstrained build operations Thread 6"        [_thread_blocked, id=144520, stack(0x0000009da1b00000,0x0000009da1c00000) (1024K)]
  0x000001bbf3ad9030 JavaThread "Unconstrained build operations Thread 7"        [_thread_blocked, id=98820, stack(0x0000009da1c00000,0x0000009da1d00000) (1024K)]
  0x000001bbf3733b90 JavaThread "Memory manager"                    [_thread_blocked, id=98076, stack(0x0000009da1f00000,0x0000009da2000000) (1024K)]
  0x000001bbf2ad87d0 JavaThread "build event listener"              [_thread_blocked, id=142188, stack(0x0000009da2000000,0x0000009da2100000) (1024K)]
  0x000001bbff6ca9a0 JavaThread "included builds"                   [_thread_blocked, id=143928, stack(0x0000009da2100000,0x0000009da2200000) (1024K)]
  0x000001bbff6cd100 JavaThread "Execution worker"                  [_thread_blocked, id=131516, stack(0x0000009da2200000,0x0000009da2300000) (1024K)]
  0x000001bbff6cb030 JavaThread "Execution worker Thread 2"         [_thread_blocked, id=145192, stack(0x0000009da2300000,0x0000009da2400000) (1024K)]
  0x000001bbff6cca70 JavaThread "Execution worker Thread 3"         [_thread_blocked, id=144532, stack(0x0000009da2400000,0x0000009da2500000) (1024K)]
  0x000001bbff6cbd50 JavaThread "Execution worker Thread 4"         [_thread_blocked, id=145172, stack(0x0000009da2500000,0x0000009da2600000) (1024K)]
  0x000001bbff6cfef0 JavaThread "Execution worker Thread 5"         [_thread_blocked, id=141680, stack(0x0000009da2600000,0x0000009da2700000) (1024K)]
  0x000001bbff6cf1d0 JavaThread "Execution worker Thread 6"         [_thread_blocked, id=55100, stack(0x0000009da2700000,0x0000009da2800000) (1024K)]
  0x000001bbff6d0580 JavaThread "Execution worker Thread 7"         [_thread_blocked, id=19916, stack(0x0000009da2800000,0x0000009da2900000) (1024K)]
  0x000001bbff6cf860 JavaThread "Cache worker for execution history cache (C:\src\flutter\packages\flutter_tools\gradle\.gradle\8.5\executionHistory)"        [_thread_blocked, id=145012, stack(0x0000009da2900000,0x0000009da2a00000) (1024K)]
  0x000001bbff6d12a0 JavaThread "Unconstrained build operations Thread 8"        [_thread_blocked, id=75756, stack(0x0000009da1d00000,0x0000009da1e00000) (1024K)]
  0x000001bbff6ce4b0 JavaThread "Unconstrained build operations Thread 9"        [_thread_blocked, id=97060, stack(0x0000009da1e00000,0x0000009da1f00000) (1024K)]
  0x000001bbff6d0c10 JavaThread "Unconstrained build operations Thread 10"        [_thread_blocked, id=22428, stack(0x0000009da2a00000,0x0000009da2b00000) (1024K)]
  0x000001bbff6cde20 JavaThread "Unconstrained build operations Thread 11"        [_thread_blocked, id=144012, stack(0x0000009da2b00000,0x0000009da2c00000) (1024K)]
  0x000001bbff6d1930 JavaThread "Unconstrained build operations Thread 12"        [_thread_blocked, id=143376, stack(0x0000009da2c00000,0x0000009da2d00000) (1024K)]
  0x000001bbff6d1fc0 JavaThread "Unconstrained build operations Thread 13"        [_thread_blocked, id=145320, stack(0x0000009da2d00000,0x0000009da2e00000) (1024K)]
  0x000001bbff6ceb40 JavaThread "Unconstrained build operations Thread 14"        [_thread_blocked, id=143524, stack(0x0000009da2e00000,0x0000009da2f00000) (1024K)]
  0x000001bbef940ca0 JavaThread "Unconstrained build operations Thread 15"        [_thread_blocked, id=145176, stack(0x0000009da2f00000,0x0000009da3000000) (1024K)]
  0x000001bbef940610 JavaThread "Unconstrained build operations Thread 16"        [_thread_blocked, id=136648, stack(0x0000009da3000000,0x0000009da3100000) (1024K)]
  0x000001bbef9447b0 JavaThread "Unconstrained build operations Thread 17"        [_thread_blocked, id=143936, stack(0x0000009da3100000,0x0000009da3200000) (1024K)]
  0x000001bbef942050 JavaThread "Unconstrained build operations Thread 18"        [_thread_blocked, id=140656, stack(0x0000009da3200000,0x0000009da3300000) (1024K)]
  0x000001bbf372e640 JavaThread "Unconstrained build operations Thread 19"        [_thread_blocked, id=141808, stack(0x0000009da3300000,0x0000009da3400000) (1024K)]
  0x000001bbf37327e0 JavaThread "Unconstrained build operations Thread 20"        [_thread_blocked, id=98516, stack(0x0000009da3400000,0x0000009da3500000) (1024K)]
  0x000001bbef86d2d0 JavaThread "Unconstrained build operations Thread 21"        [_thread_blocked, id=140420, stack(0x0000009da3500000,0x0000009da3600000) (1024K)]
Total: 76

Other Threads:
=>0x000001bbe96b2410 VMThread "VM Thread"                           [id=136164, stack(0x0000009d9e400000,0x0000009d9e500000) (1024K)]
  0x000001bbe969de40 WatcherThread "VM Periodic Task Thread"        [id=139704, stack(0x0000009d9e300000,0x0000009d9e400000) (1024K)]
  0x000001bbca593680 WorkerThread "GC Thread#0"                     [id=144140, stack(0x0000009d9de00000,0x0000009d9df00000) (1024K)]
  0x000001bbee07dfe0 WorkerThread "GC Thread#1"                     [id=13040, stack(0x0000009d9ef00000,0x0000009d9f000000) (1024K)]
  0x000001bbee724fd0 WorkerThread "GC Thread#2"                     [id=144360, stack(0x0000009d9f000000,0x0000009d9f100000) (1024K)]
  0x000001bbee725370 WorkerThread "GC Thread#3"                     [id=143508, stack(0x0000009d9f100000,0x0000009d9f200000) (1024K)]
  0x000001bbee725710 WorkerThread "GC Thread#4"                     [id=19168, stack(0x0000009d9f200000,0x0000009d9f300000) (1024K)]
  0x000001bbe9b893d0 WorkerThread "GC Thread#5"                     [id=143520, stack(0x0000009d9fd00000,0x0000009d9fe00000) (1024K)]
  0x000001bbee740320 WorkerThread "GC Thread#6"                     [id=142012, stack(0x0000009d9fe00000,0x0000009d9ff00000) (1024K)]
  0x000001bbef6ec020 WorkerThread "GC Thread#7"                     [id=142744, stack(0x0000009d9ff00000,0x0000009da0000000) (1024K)]
  0x000001bbca5a46d0 ConcurrentGCThread "G1 Main Marker"            [id=137300, stack(0x0000009d9df00000,0x0000009d9e000000) (1024K)]
  0x000001bbca5a7cc0 WorkerThread "G1 Conc#0"                       [id=99440, stack(0x0000009d9e000000,0x0000009d9e100000) (1024K)]
  0x000001bbeed38950 WorkerThread "G1 Conc#1"                       [id=143884, stack(0x0000009da0500000,0x0000009da0600000) (1024K)]
  0x000001bbe95744c0 ConcurrentGCThread "G1 Refine#0"               [id=4780, stack(0x0000009d9e100000,0x0000009d9e200000) (1024K)]
  0x000001bbe95749f0 ConcurrentGCThread "G1 Service"                [id=5820, stack(0x0000009d9e200000,0x0000009d9e300000) (1024K)]
Total: 15

Threads with active compile tasks:
C2 CompilerThread0   274170 22214       4       org.jetbrains.org.objectweb.asm.SymbolTable::addConstantUtf8 (98 bytes)
Total: 1

VM state: at safepoint (normal execution)

VM Mutex/Monitor currently owned by a thread:  ([mutex/lock_event])
[0x00007fff59a2de98] Threads_lock - owner thread: 0x000001bbe96b2410
[0x00007fff59a2df98] Heap_lock - owner thread: 0x000001bbef942050

Heap address: 0x0000000700000000, size: 4096 MB, Compressed Oops mode: Zero based, Oop shift amount: 3

CDS archive(s) mapped at: [0x000001bb80000000-0x000001bb80c90000-0x000001bb80c90000), size 13172736, SharedBaseAddress: 0x000001bb80000000, ArchiveRelocationMode: 1.
Compressed class space mapped at: 0x000001bb81000000-0x000001bbc1000000, reserved size: 1073741824
Narrow klass base: 0x000001bb80000000, Narrow klass shift: 0, Narrow klass range: 0x100000000

GC Precious Log:
 CardTable entry size: 512
 Card Set container configuration: InlinePtr #cards 4 size 8 Array Of Cards #cards 16 size 48 Howl #buckets 8 coarsen threshold 3686 Howl Bitmap #cards 512 size 80 coarsen threshold 460 Card regions per heap region 1 cards per card region 4096
 CPUs: 8 total, 8 available
 Memory: 5877M
 Large Page Support: Disabled
 NUMA Support: Disabled
 Compressed Oops: Enabled (Zero based)
 Heap Region Size: 2M
 Heap Min Capacity: 8M
 Heap Initial Capacity: 92M
 Heap Max Capacity: 4G
 Pre-touch: Disabled
 Parallel Workers: 8
 Concurrent Workers: 2
 Concurrent Refinement Workers: 8
 Periodic GC: Disabled

Heap:
 garbage-first heap   total 495616K, used 190167K [0x0000000700000000, 0x0000000800000000)
  region size 2048K, 3 young (6144K), 3 survivors (6144K)
 Metaspace       used 153131K, committed 155648K, reserved 1245184K
  class space    used 19408K, committed 20672K, reserved 1048576K

Heap Regions: E=young(eden), S=young(survivor), O=old, HS=humongous(starts), HC=humongous(continues), CS=collection set, F=free, TAMS=top-at-mark-start, PB=parsable bottom
|   0|0x0000000700000000, 0x0000000700200000, 0x0000000700200000|100%|HS|  |TAMS 0x0000000700000000| PB 0x0000000700000000| Complete 
|   1|0x0000000700200000, 0x0000000700400000, 0x0000000700400000|100%|HC|  |TAMS 0x0000000700200000| PB 0x0000000700200000| Complete 
|   2|0x0000000700400000, 0x0000000700600000, 0x0000000700600000|100%| O|  |TAMS 0x0000000700400000| PB 0x0000000700400000| Untracked 
|   3|0x0000000700600000, 0x0000000700800000, 0x0000000700800000|100%| O|  |TAMS 0x0000000700600000| PB 0x0000000700600000| Untracked 
|   4|0x0000000700800000, 0x0000000700a00000, 0x0000000700a00000|100%| O|  |TAMS 0x0000000700800000| PB 0x0000000700800000| Untracked 
|   5|0x0000000700a00000, 0x0000000700c00000, 0x0000000700c00000|100%| O|  |TAMS 0x0000000700a00000| PB 0x0000000700a00000| Untracked 
|   6|0x0000000700c00000, 0x0000000700e00000, 0x0000000700e00000|100%| O|  |TAMS 0x0000000700c00000| PB 0x0000000700c00000| Untracked 
|   7|0x0000000700e00000, 0x0000000701000000, 0x0000000701000000|100%| O|  |TAMS 0x0000000700e00000| PB 0x0000000700e00000| Untracked 
|   8|0x0000000701000000, 0x0000000701200000, 0x0000000701200000|100%| O|  |TAMS 0x0000000701000000| PB 0x0000000701000000| Untracked 
|   9|0x0000000701200000, 0x0000000701400000, 0x0000000701400000|100%| O|  |TAMS 0x0000000701200000| PB 0x0000000701200000| Untracked 
|  10|0x0000000701400000, 0x0000000701600000, 0x0000000701600000|100%| O|  |TAMS 0x0000000701400000| PB 0x0000000701400000| Untracked 
|  11|0x0000000701600000, 0x0000000701800000, 0x0000000701800000|100%| O|  |TAMS 0x0000000701600000| PB 0x0000000701600000| Untracked 
|  12|0x0000000701800000, 0x0000000701a00000, 0x0000000701a00000|100%| O|  |TAMS 0x0000000701800000| PB 0x0000000701800000| Untracked 
|  13|0x0000000701a00000, 0x0000000701c00000, 0x0000000701c00000|100%| O|  |TAMS 0x0000000701a00000| PB 0x0000000701a00000| Untracked 
|  14|0x0000000701c00000, 0x0000000701e00000, 0x0000000701e00000|100%| O|  |TAMS 0x0000000701c00000| PB 0x0000000701c00000| Untracked 
|  15|0x0000000701e00000, 0x0000000702000000, 0x0000000702000000|100%| O|  |TAMS 0x0000000701e00000| PB 0x0000000701e00000| Untracked 
|  16|0x0000000702000000, 0x0000000702200000, 0x0000000702200000|100%| O|  |TAMS 0x0000000702000000| PB 0x0000000702000000| Untracked 
|  17|0x0000000702200000, 0x0000000702400000, 0x0000000702400000|100%| O|  |TAMS 0x0000000702200000| PB 0x0000000702200000| Untracked 
|  18|0x0000000702400000, 0x0000000702600000, 0x0000000702600000|100%| O|  |TAMS 0x0000000702400000| PB 0x0000000702400000| Untracked 
|  19|0x0000000702600000, 0x0000000702800000, 0x0000000702800000|100%| O|  |TAMS 0x0000000702600000| PB 0x0000000702600000| Untracked 
|  20|0x0000000702800000, 0x0000000702a00000, 0x0000000702a00000|100%| O|  |TAMS 0x0000000702800000| PB 0x0000000702800000| Untracked 
|  21|0x0000000702a00000, 0x0000000702c00000, 0x0000000702c00000|100%| O|  |TAMS 0x0000000702a00000| PB 0x0000000702a00000| Untracked 
|  22|0x0000000702c00000, 0x0000000702e00000, 0x0000000702e00000|100%| O|  |TAMS 0x0000000702c00000| PB 0x0000000702c00000| Untracked 
|  23|0x0000000702e00000, 0x0000000703000000, 0x0000000703000000|100%| O|  |TAMS 0x0000000702e00000| PB 0x0000000702e00000| Untracked 
|  24|0x0000000703000000, 0x0000000703000000, 0x0000000703200000|  0%| F|  |TAMS 0x0000000703000000| PB 0x0000000703000000| Untracked 
|  25|0x0000000703200000, 0x0000000703278200, 0x0000000703400000| 23%| O|  |TAMS 0x0000000703200000| PB 0x0000000703200000| Untracked 
|  26|0x0000000703400000, 0x0000000703600000, 0x0000000703600000|100%| O|  |TAMS 0x0000000703400000| PB 0x0000000703400000| Untracked 
|  27|0x0000000703600000, 0x0000000703800000, 0x0000000703800000|100%| O|  |TAMS 0x0000000703600000| PB 0x0000000703600000| Untracked 
|  28|0x0000000703800000, 0x0000000703a00000, 0x0000000703a00000|100%| O|  |TAMS 0x0000000703800000| PB 0x0000000703800000| Untracked 
|  29|0x0000000703a00000, 0x0000000703c00000, 0x0000000703c00000|100%| O|  |TAMS 0x0000000703a00000| PB 0x0000000703a00000| Untracked 
|  30|0x0000000703c00000, 0x0000000703e00000, 0x0000000703e00000|100%| O|  |TAMS 0x0000000703c00000| PB 0x0000000703c00000| Untracked 
|  31|0x0000000703e00000, 0x0000000704000000, 0x0000000704000000|100%| O|  |TAMS 0x0000000703e00000| PB 0x0000000703e00000| Untracked 
|  32|0x0000000704000000, 0x0000000704200000, 0x0000000704200000|100%| O|  |TAMS 0x0000000704000000| PB 0x0000000704000000| Untracked 
|  33|0x0000000704200000, 0x0000000704400000, 0x0000000704400000|100%| O|  |TAMS 0x0000000704200000| PB 0x0000000704200000| Untracked 
|  34|0x0000000704400000, 0x0000000704600000, 0x0000000704600000|100%| O|  |TAMS 0x0000000704400000| PB 0x0000000704400000| Untracked 
|  35|0x0000000704600000, 0x0000000704800000, 0x0000000704800000|100%| O|  |TAMS 0x0000000704600000| PB 0x0000000704600000| Untracked 
|  36|0x0000000704800000, 0x0000000704a00000, 0x0000000704a00000|100%| O|  |TAMS 0x0000000704800000| PB 0x0000000704800000| Untracked 
|  37|0x0000000704a00000, 0x0000000704c00000, 0x0000000704c00000|100%| O|  |TAMS 0x0000000704a00000| PB 0x0000000704a00000| Untracked 
|  38|0x0000000704c00000, 0x0000000704e00000, 0x0000000704e00000|100%| O|  |TAMS 0x0000000704c00000| PB 0x0000000704c00000| Untracked 
|  39|0x0000000704e00000, 0x0000000705000000, 0x0000000705000000|100%| O|  |TAMS 0x0000000704e00000| PB 0x0000000704e00000| Untracked 
|  40|0x0000000705000000, 0x0000000705200000, 0x0000000705200000|100%| O|  |TAMS 0x0000000705000000| PB 0x0000000705000000| Untracked 
|  41|0x0000000705200000, 0x0000000705400000, 0x0000000705400000|100%| O|  |TAMS 0x0000000705200000| PB 0x0000000705200000| Untracked 
|  42|0x0000000705400000, 0x0000000705600000, 0x0000000705600000|100%| O|  |TAMS 0x0000000705400000| PB 0x0000000705400000| Untracked 
|  43|0x0000000705600000, 0x0000000705800000, 0x0000000705800000|100%| O|  |TAMS 0x0000000705600000| PB 0x0000000705600000| Untracked 
|  44|0x0000000705800000, 0x0000000705a00000, 0x0000000705a00000|100%| O|  |TAMS 0x0000000705800000| PB 0x0000000705800000| Untracked 
|  45|0x0000000705a00000, 0x0000000705c00000, 0x0000000705c00000|100%| O|  |TAMS 0x0000000705a00000| PB 0x0000000705a00000| Untracked 
|  46|0x0000000705c00000, 0x0000000705e00000, 0x0000000705e00000|100%| O|  |TAMS 0x0000000705c00000| PB 0x0000000705c00000| Untracked 
|  47|0x0000000705e00000, 0x0000000706000000, 0x0000000706000000|100%| O|  |TAMS 0x0000000705e00000| PB 0x0000000705e00000| Untracked 
|  48|0x0000000706000000, 0x0000000706200000, 0x0000000706200000|100%| O|  |TAMS 0x0000000706000000| PB 0x0000000706000000| Untracked 
|  49|0x0000000706200000, 0x0000000706400000, 0x0000000706400000|100%| O|  |TAMS 0x0000000706200000| PB 0x0000000706200000| Untracked 
|  50|0x0000000706400000, 0x0000000706600000, 0x0000000706600000|100%| O|  |TAMS 0x0000000706400000| PB 0x0000000706400000| Untracked 
|  51|0x0000000706600000, 0x0000000706800000, 0x0000000706800000|100%| O|  |TAMS 0x0000000706600000| PB 0x0000000706600000| Untracked 
|  52|0x0000000706800000, 0x0000000706a00000, 0x0000000706a00000|100%|HS|  |TAMS 0x0000000706800000| PB 0x0000000706800000| Complete 
|  53|0x0000000706a00000, 0x0000000706c00000, 0x0000000706c00000|100%|HS|  |TAMS 0x0000000706a00000| PB 0x0000000706a00000| Complete 
|  54|0x0000000706c00000, 0x0000000706e00000, 0x0000000706e00000|100%|HS|  |TAMS 0x0000000706c00000| PB 0x0000000706c00000| Complete 
|  55|0x0000000706e00000, 0x0000000707000000, 0x0000000707000000|100%|HC|  |TAMS 0x0000000706e00000| PB 0x0000000706e00000| Complete 
|  56|0x0000000707000000, 0x0000000707200000, 0x0000000707200000|100%|HS|  |TAMS 0x0000000707000000| PB 0x0000000707000000| Complete 
|  57|0x0000000707200000, 0x0000000707400000, 0x0000000707400000|100%|HC|  |TAMS 0x0000000707200000| PB 0x0000000707200000| Complete 
|  58|0x0000000707400000, 0x0000000707600000, 0x0000000707600000|100%| O|  |TAMS 0x0000000707400000| PB 0x0000000707400000| Untracked 
|  59|0x0000000707600000, 0x0000000707800000, 0x0000000707800000|100%| O|  |TAMS 0x0000000707600000| PB 0x0000000707600000| Untracked 
|  60|0x0000000707800000, 0x0000000707a00000, 0x0000000707a00000|100%| O|  |TAMS 0x0000000707800000| PB 0x0000000707800000| Untracked 
|  61|0x0000000707a00000, 0x0000000707c00000, 0x0000000707c00000|100%| O|  |TAMS 0x0000000707a00000| PB 0x0000000707a00000| Untracked 
|  62|0x0000000707c00000, 0x0000000707e00000, 0x0000000707e00000|100%| O|  |TAMS 0x0000000707c00000| PB 0x0000000707c00000| Untracked 
|  63|0x0000000707e00000, 0x0000000708000000, 0x0000000708000000|100%| O|  |TAMS 0x0000000707e00000| PB 0x0000000707e00000| Untracked 
|  64|0x0000000708000000, 0x0000000708200000, 0x0000000708200000|100%| O|  |TAMS 0x0000000708000000| PB 0x0000000708000000| Untracked 
|  65|0x0000000708200000, 0x0000000708400000, 0x0000000708400000|100%| O|  |TAMS 0x0000000708200000| PB 0x0000000708200000| Untracked 
|  66|0x0000000708400000, 0x0000000708600000, 0x0000000708600000|100%| O|  |TAMS 0x0000000708400000| PB 0x0000000708400000| Untracked 
|  67|0x0000000708600000, 0x0000000708800000, 0x0000000708800000|100%| O|  |TAMS 0x0000000708600000| PB 0x0000000708600000| Untracked 
|  68|0x0000000708800000, 0x0000000708a00000, 0x0000000708a00000|100%| O|  |TAMS 0x0000000708800000| PB 0x0000000708800000| Untracked 
|  69|0x0000000708a00000, 0x0000000708c00000, 0x0000000708c00000|100%| O|  |TAMS 0x0000000708a00000| PB 0x0000000708a00000| Untracked 
|  70|0x0000000708c00000, 0x0000000708e00000, 0x0000000708e00000|100%| O|  |TAMS 0x0000000708c00000| PB 0x0000000708c00000| Untracked 
|  71|0x0000000708e00000, 0x0000000709000000, 0x0000000709000000|100%| O|  |TAMS 0x0000000708e00000| PB 0x0000000708e00000| Untracked 
|  72|0x0000000709000000, 0x0000000709200000, 0x0000000709200000|100%| O|  |TAMS 0x0000000709000000| PB 0x0000000709000000| Untracked 
|  73|0x0000000709200000, 0x0000000709400000, 0x0000000709400000|100%| O|  |TAMS 0x0000000709200000| PB 0x0000000709200000| Untracked 
|  74|0x0000000709400000, 0x0000000709600000, 0x0000000709600000|100%| O|  |TAMS 0x0000000709400000| PB 0x0000000709400000| Untracked 
|  75|0x0000000709600000, 0x0000000709800000, 0x0000000709800000|100%| O|  |TAMS 0x0000000709600000| PB 0x0000000709600000| Untracked 
|  76|0x0000000709800000, 0x0000000709a00000, 0x0000000709a00000|100%|HS|  |TAMS 0x0000000709800000| PB 0x0000000709800000| Complete 
|  77|0x0000000709a00000, 0x0000000709c00000, 0x0000000709c00000|100%|HC|  |TAMS 0x0000000709a00000| PB 0x0000000709a00000| Complete 
|  78|0x0000000709c00000, 0x0000000709e00000, 0x0000000709e00000|100%|HC|  |TAMS 0x0000000709c00000| PB 0x0000000709c00000| Complete 
|  79|0x0000000709e00000, 0x000000070a000000, 0x000000070a000000|100%| O|  |TAMS 0x0000000709e00000| PB 0x0000000709e00000| Untracked 
|  80|0x000000070a000000, 0x000000070a200000, 0x000000070a200000|100%| O|  |TAMS 0x000000070a000000| PB 0x000000070a000000| Untracked 
|  81|0x000000070a200000, 0x000000070a400000, 0x000000070a400000|100%| O|  |TAMS 0x000000070a200000| PB 0x000000070a200000| Untracked 
|  82|0x000000070a400000, 0x000000070a600000, 0x000000070a600000|100%| O|  |TAMS 0x000000070a400000| PB 0x000000070a400000| Untracked 
|  83|0x000000070a600000, 0x000000070a800000, 0x000000070a800000|100%| O|  |TAMS 0x000000070a600000| PB 0x000000070a600000| Untracked 
|  84|0x000000070a800000, 0x000000070aa00000, 0x000000070aa00000|100%| O|  |TAMS 0x000000070a800000| PB 0x000000070a800000| Untracked 
|  85|0x000000070aa00000, 0x000000070ac00000, 0x000000070ac00000|100%| O|  |TAMS 0x000000070aa00000| PB 0x000000070aa00000| Untracked 
|  86|0x000000070ac00000, 0x000000070ae00000, 0x000000070ae00000|100%| O|  |TAMS 0x000000070ac00000| PB 0x000000070ac00000| Untracked 
|  87|0x000000070ae00000, 0x000000070b000000, 0x000000070b000000|100%| O|  |TAMS 0x000000070ae00000| PB 0x000000070ae00000| Untracked 
|  88|0x000000070b000000, 0x000000070b200000, 0x000000070b200000|100%| O|  |TAMS 0x000000070b000000| PB 0x000000070b000000| Untracked 
|  89|0x000000070b200000, 0x000000070b400000, 0x000000070b400000|100%| O|  |TAMS 0x000000070b200000| PB 0x000000070b200000| Untracked 
|  90|0x000000070b400000, 0x000000070b600000, 0x000000070b600000|100%| O|  |TAMS 0x000000070b400000| PB 0x000000070b400000| Untracked 
|  91|0x000000070b600000, 0x000000070b600000, 0x000000070b800000|  0%| F|  |TAMS 0x000000070b600000| PB 0x000000070b600000| Untracked 
|  92|0x000000070b800000, 0x000000070b800000, 0x000000070ba00000|  0%| F|  |TAMS 0x000000070b800000| PB 0x000000070b800000| Untracked 
|  93|0x000000070ba00000, 0x000000070ba00000, 0x000000070bc00000|  0%| F|  |TAMS 0x000000070ba00000| PB 0x000000070ba00000| Untracked 
|  94|0x000000070bc00000, 0x000000070bc00000, 0x000000070be00000|  0%| F|  |TAMS 0x000000070bc00000| PB 0x000000070bc00000| Untracked 
|  95|0x000000070be00000, 0x000000070be00000, 0x000000070c000000|  0%| F|  |TAMS 0x000000070be00000| PB 0x000000070be00000| Untracked 
|  96|0x000000070c000000, 0x000000070c000000, 0x000000070c200000|  0%| F|  |TAMS 0x000000070c000000| PB 0x000000070c000000| Untracked 
|  97|0x000000070c200000, 0x000000070c200000, 0x000000070c400000|  0%| F|  |TAMS 0x000000070c200000| PB 0x000000070c200000| Untracked 
|  98|0x000000070c400000, 0x000000070c400000, 0x000000070c600000|  0%| F|  |TAMS 0x000000070c400000| PB 0x000000070c400000| Untracked 
|  99|0x000000070c600000, 0x000000070c600000, 0x000000070c800000|  0%| F|  |TAMS 0x000000070c600000| PB 0x000000070c600000| Untracked 
| 100|0x000000070c800000, 0x000000070c800000, 0x000000070ca00000|  0%| F|  |TAMS 0x000000070c800000| PB 0x000000070c800000| Untracked 
| 101|0x000000070ca00000, 0x000000070ca00000, 0x000000070cc00000|  0%| F|  |TAMS 0x000000070ca00000| PB 0x000000070ca00000| Untracked 
| 102|0x000000070cc00000, 0x000000070cc00000, 0x000000070ce00000|  0%| F|  |TAMS 0x000000070cc00000| PB 0x000000070cc00000| Untracked 
| 103|0x000000070ce00000, 0x000000070ce00000, 0x000000070d000000|  0%| F|  |TAMS 0x000000070ce00000| PB 0x000000070ce00000| Untracked 
| 104|0x000000070d000000, 0x000000070d000000, 0x000000070d200000|  0%| F|  |TAMS 0x000000070d000000| PB 0x000000070d000000| Untracked 
| 105|0x000000070d200000, 0x000000070d200000, 0x000000070d400000|  0%| F|  |TAMS 0x000000070d200000| PB 0x000000070d200000| Untracked 
| 106|0x000000070d400000, 0x000000070d400000, 0x000000070d600000|  0%| F|  |TAMS 0x000000070d400000| PB 0x000000070d400000| Untracked 
| 107|0x000000070d600000, 0x000000070d600000, 0x000000070d800000|  0%| F|  |TAMS 0x000000070d600000| PB 0x000000070d600000| Untracked 
| 108|0x000000070d800000, 0x000000070d800000, 0x000000070da00000|  0%| F|  |TAMS 0x000000070d800000| PB 0x000000070d800000| Untracked 
| 109|0x000000070da00000, 0x000000070da00000, 0x000000070dc00000|  0%| F|  |TAMS 0x000000070da00000| PB 0x000000070da00000| Untracked 
| 110|0x000000070dc00000, 0x000000070dc00000, 0x000000070de00000|  0%| F|  |TAMS 0x000000070dc00000| PB 0x000000070dc00000| Untracked 
| 111|0x000000070de00000, 0x000000070de00000, 0x000000070e000000|  0%| F|  |TAMS 0x000000070de00000| PB 0x000000070de00000| Untracked 
| 112|0x000000070e000000, 0x000000070e000000, 0x000000070e200000|  0%| F|  |TAMS 0x000000070e000000| PB 0x000000070e000000| Untracked 
| 113|0x000000070e200000, 0x000000070e200000, 0x000000070e400000|  0%| F|  |TAMS 0x000000070e200000| PB 0x000000070e200000| Untracked 
| 114|0x000000070e400000, 0x000000070e400000, 0x000000070e600000|  0%| F|  |TAMS 0x000000070e400000| PB 0x000000070e400000| Untracked 
| 115|0x000000070e600000, 0x000000070e600000, 0x000000070e800000|  0%| F|  |TAMS 0x000000070e600000| PB 0x000000070e600000| Untracked 
| 116|0x000000070e800000, 0x000000070e800000, 0x000000070ea00000|  0%| F|  |TAMS 0x000000070e800000| PB 0x000000070e800000| Untracked 
| 117|0x000000070ea00000, 0x000000070ea00000, 0x000000070ec00000|  0%| F|  |TAMS 0x000000070ea00000| PB 0x000000070ea00000| Untracked 
| 118|0x000000070ec00000, 0x000000070ec00000, 0x000000070ee00000|  0%| F|  |TAMS 0x000000070ec00000| PB 0x000000070ec00000| Untracked 
| 119|0x000000070ee00000, 0x000000070ee00000, 0x000000070f000000|  0%| F|  |TAMS 0x000000070ee00000| PB 0x000000070ee00000| Untracked 
| 120|0x000000070f000000, 0x000000070f000000, 0x000000070f200000|  0%| F|  |TAMS 0x000000070f000000| PB 0x000000070f000000| Untracked 
| 121|0x000000070f200000, 0x000000070f200000, 0x000000070f400000|  0%| F|  |TAMS 0x000000070f200000| PB 0x000000070f200000| Untracked 
| 122|0x000000070f400000, 0x000000070f400000, 0x000000070f600000|  0%| F|  |TAMS 0x000000070f400000| PB 0x000000070f400000| Untracked 
| 123|0x000000070f600000, 0x000000070f600000, 0x000000070f800000|  0%| F|  |TAMS 0x000000070f600000| PB 0x000000070f600000| Untracked 
| 124|0x000000070f800000, 0x000000070f800000, 0x000000070fa00000|  0%| F|  |TAMS 0x000000070f800000| PB 0x000000070f800000| Untracked 
| 125|0x000000070fa00000, 0x000000070fa00000, 0x000000070fc00000|  0%| F|  |TAMS 0x000000070fa00000| PB 0x000000070fa00000| Untracked 
| 126|0x000000070fc00000, 0x000000070fc00000, 0x000000070fe00000|  0%| F|  |TAMS 0x000000070fc00000| PB 0x000000070fc00000| Untracked 
| 127|0x000000070fe00000, 0x000000070fe00000, 0x0000000710000000|  0%| F|  |TAMS 0x000000070fe00000| PB 0x000000070fe00000| Untracked 
| 128|0x0000000710000000, 0x0000000710000000, 0x0000000710200000|  0%| F|  |TAMS 0x0000000710000000| PB 0x0000000710000000| Untracked 
| 129|0x0000000710200000, 0x0000000710200000, 0x0000000710400000|  0%| F|  |TAMS 0x0000000710200000| PB 0x0000000710200000| Untracked 
| 130|0x0000000710400000, 0x0000000710400000, 0x0000000710600000|  0%| F|  |TAMS 0x0000000710400000| PB 0x0000000710400000| Untracked 
| 131|0x0000000710600000, 0x0000000710600000, 0x0000000710800000|  0%| F|  |TAMS 0x0000000710600000| PB 0x0000000710600000| Untracked 
| 132|0x0000000710800000, 0x0000000710800000, 0x0000000710a00000|  0%| F|  |TAMS 0x0000000710800000| PB 0x0000000710800000| Untracked 
| 133|0x0000000710a00000, 0x0000000710a00000, 0x0000000710c00000|  0%| F|  |TAMS 0x0000000710a00000| PB 0x0000000710a00000| Untracked 
| 134|0x0000000710c00000, 0x0000000710c00000, 0x0000000710e00000|  0%| F|  |TAMS 0x0000000710c00000| PB 0x0000000710c00000| Untracked 
| 135|0x0000000710e00000, 0x0000000710e00000, 0x0000000711000000|  0%| F|  |TAMS 0x0000000710e00000| PB 0x0000000710e00000| Untracked 
| 136|0x0000000711000000, 0x0000000711000000, 0x0000000711200000|  0%| F|  |TAMS 0x0000000711000000| PB 0x0000000711000000| Untracked 
| 137|0x0000000711200000, 0x0000000711200000, 0x0000000711400000|  0%| F|  |TAMS 0x0000000711200000| PB 0x0000000711200000| Untracked 
| 138|0x0000000711400000, 0x0000000711400000, 0x0000000711600000|  0%| F|  |TAMS 0x0000000711400000| PB 0x0000000711400000| Untracked 
| 139|0x0000000711600000, 0x0000000711600000, 0x0000000711800000|  0%| F|  |TAMS 0x0000000711600000| PB 0x0000000711600000| Untracked 
| 140|0x0000000711800000, 0x0000000711800000, 0x0000000711a00000|  0%| F|  |TAMS 0x0000000711800000| PB 0x0000000711800000| Untracked 
| 141|0x0000000711a00000, 0x0000000711a00000, 0x0000000711c00000|  0%| F|  |TAMS 0x0000000711a00000| PB 0x0000000711a00000| Untracked 
| 142|0x0000000711c00000, 0x0000000711c00000, 0x0000000711e00000|  0%| F|  |TAMS 0x0000000711c00000| PB 0x0000000711c00000| Untracked 
| 143|0x0000000711e00000, 0x0000000711e00000, 0x0000000712000000|  0%| F|  |TAMS 0x0000000711e00000| PB 0x0000000711e00000| Untracked 
| 144|0x0000000712000000, 0x0000000712000000, 0x0000000712200000|  0%| F|  |TAMS 0x0000000712000000| PB 0x0000000712000000| Untracked 
| 145|0x0000000712200000, 0x0000000712200000, 0x0000000712400000|  0%| F|  |TAMS 0x0000000712200000| PB 0x0000000712200000| Untracked 
| 146|0x0000000712400000, 0x0000000712400000, 0x0000000712600000|  0%| F|  |TAMS 0x0000000712400000| PB 0x0000000712400000| Untracked 
| 147|0x0000000712600000, 0x0000000712600000, 0x0000000712800000|  0%| F|  |TAMS 0x0000000712600000| PB 0x0000000712600000| Untracked 
| 148|0x0000000712800000, 0x0000000712800000, 0x0000000712a00000|  0%| F|  |TAMS 0x0000000712800000| PB 0x0000000712800000| Untracked 
| 149|0x0000000712a00000, 0x0000000712a00000, 0x0000000712c00000|  0%| F|  |TAMS 0x0000000712a00000| PB 0x0000000712a00000| Untracked 
| 150|0x0000000712c00000, 0x0000000712c00000, 0x0000000712e00000|  0%| F|  |TAMS 0x0000000712c00000| PB 0x0000000712c00000| Untracked 
| 151|0x0000000712e00000, 0x0000000712e00000, 0x0000000713000000|  0%| F|  |TAMS 0x0000000712e00000| PB 0x0000000712e00000| Untracked 
| 152|0x0000000713000000, 0x0000000713000000, 0x0000000713200000|  0%| F|  |TAMS 0x0000000713000000| PB 0x0000000713000000| Untracked 
| 153|0x0000000713200000, 0x0000000713200000, 0x0000000713400000|  0%| F|  |TAMS 0x0000000713200000| PB 0x0000000713200000| Untracked 
| 154|0x0000000713400000, 0x0000000713400000, 0x0000000713600000|  0%| F|  |TAMS 0x0000000713400000| PB 0x0000000713400000| Untracked 
| 155|0x0000000713600000, 0x0000000713600000, 0x0000000713800000|  0%| F|  |TAMS 0x0000000713600000| PB 0x0000000713600000| Untracked 
| 156|0x0000000713800000, 0x0000000713800000, 0x0000000713a00000|  0%| F|  |TAMS 0x0000000713800000| PB 0x0000000713800000| Untracked 
| 157|0x0000000713a00000, 0x0000000713a00000, 0x0000000713c00000|  0%| F|  |TAMS 0x0000000713a00000| PB 0x0000000713a00000| Untracked 
| 158|0x0000000713c00000, 0x0000000713c00000, 0x0000000713e00000|  0%| F|  |TAMS 0x0000000713c00000| PB 0x0000000713c00000| Untracked 
| 159|0x0000000713e00000, 0x0000000713e00000, 0x0000000714000000|  0%| F|  |TAMS 0x0000000713e00000| PB 0x0000000713e00000| Untracked 
| 160|0x0000000714000000, 0x0000000714000000, 0x0000000714200000|  0%| F|  |TAMS 0x0000000714000000| PB 0x0000000714000000| Untracked 
| 161|0x0000000714200000, 0x0000000714200000, 0x0000000714400000|  0%| F|  |TAMS 0x0000000714200000| PB 0x0000000714200000| Untracked 
| 162|0x0000000714400000, 0x0000000714400000, 0x0000000714600000|  0%| F|  |TAMS 0x0000000714400000| PB 0x0000000714400000| Untracked 
| 163|0x0000000714600000, 0x0000000714600000, 0x0000000714800000|  0%| F|  |TAMS 0x0000000714600000| PB 0x0000000714600000| Untracked 
| 164|0x0000000714800000, 0x0000000714800000, 0x0000000714a00000|  0%| F|  |TAMS 0x0000000714800000| PB 0x0000000714800000| Untracked 
| 165|0x0000000714a00000, 0x0000000714a00000, 0x0000000714c00000|  0%| F|  |TAMS 0x0000000714a00000| PB 0x0000000714a00000| Untracked 
| 166|0x0000000714c00000, 0x0000000714c00000, 0x0000000714e00000|  0%| F|  |TAMS 0x0000000714c00000| PB 0x0000000714c00000| Untracked 
| 167|0x0000000714e00000, 0x0000000714e00000, 0x0000000715000000|  0%| F|  |TAMS 0x0000000714e00000| PB 0x0000000714e00000| Untracked 
| 168|0x0000000715000000, 0x0000000715000000, 0x0000000715200000|  0%| F|  |TAMS 0x0000000715000000| PB 0x0000000715000000| Untracked 
| 169|0x0000000715200000, 0x0000000715200000, 0x0000000715400000|  0%| F|  |TAMS 0x0000000715200000| PB 0x0000000715200000| Untracked 
| 170|0x0000000715400000, 0x0000000715400000, 0x0000000715600000|  0%| F|  |TAMS 0x0000000715400000| PB 0x0000000715400000| Untracked 
| 171|0x0000000715600000, 0x0000000715600000, 0x0000000715800000|  0%| F|  |TAMS 0x0000000715600000| PB 0x0000000715600000| Untracked 
| 172|0x0000000715800000, 0x0000000715800000, 0x0000000715a00000|  0%| F|  |TAMS 0x0000000715800000| PB 0x0000000715800000| Untracked 
| 173|0x0000000715a00000, 0x0000000715a00000, 0x0000000715c00000|  0%| F|  |TAMS 0x0000000715a00000| PB 0x0000000715a00000| Untracked 
| 174|0x0000000715c00000, 0x0000000715c00000, 0x0000000715e00000|  0%| F|  |TAMS 0x0000000715c00000| PB 0x0000000715c00000| Untracked 
| 175|0x0000000715e00000, 0x0000000715e00000, 0x0000000716000000|  0%| F|  |TAMS 0x0000000715e00000| PB 0x0000000715e00000| Untracked 
| 176|0x0000000716000000, 0x0000000716000000, 0x0000000716200000|  0%| F|  |TAMS 0x0000000716000000| PB 0x0000000716000000| Untracked 
| 177|0x0000000716200000, 0x0000000716200000, 0x0000000716400000|  0%| F|  |TAMS 0x0000000716200000| PB 0x0000000716200000| Untracked 
| 178|0x0000000716400000, 0x0000000716400000, 0x0000000716600000|  0%| F|  |TAMS 0x0000000716400000| PB 0x0000000716400000| Untracked 
| 179|0x0000000716600000, 0x000000071673dc58, 0x0000000716800000| 62%| S|CS|TAMS 0x0000000716600000| PB 0x0000000716600000| Complete 
| 180|0x0000000716800000, 0x0000000716a00000, 0x0000000716a00000|100%| S|CS|TAMS 0x0000000716800000| PB 0x0000000716800000| Complete 
| 181|0x0000000716a00000, 0x0000000716c00000, 0x0000000716c00000|100%| S|CS|TAMS 0x0000000716a00000| PB 0x0000000716a00000| Complete 
| 182|0x0000000716c00000, 0x0000000716c00000, 0x0000000716e00000|  0%| F|  |TAMS 0x0000000716c00000| PB 0x0000000716c00000| Untracked 
| 183|0x0000000716e00000, 0x0000000716e00000, 0x0000000717000000|  0%| F|  |TAMS 0x0000000716e00000| PB 0x0000000716e00000| Untracked 
| 184|0x0000000717000000, 0x0000000717000000, 0x0000000717200000|  0%| F|  |TAMS 0x0000000717000000| PB 0x0000000717000000| Untracked 
| 185|0x0000000717200000, 0x0000000717200000, 0x0000000717400000|  0%| F|  |TAMS 0x0000000717200000| PB 0x0000000717200000| Untracked 
| 186|0x0000000717400000, 0x0000000717400000, 0x0000000717600000|  0%| F|  |TAMS 0x0000000717400000| PB 0x0000000717400000| Untracked 
| 187|0x0000000717600000, 0x0000000717600000, 0x0000000717800000|  0%| F|  |TAMS 0x0000000717600000| PB 0x0000000717600000| Untracked 
| 188|0x0000000717800000, 0x0000000717800000, 0x0000000717a00000|  0%| F|  |TAMS 0x0000000717800000| PB 0x0000000717800000| Untracked 
| 189|0x0000000717a00000, 0x0000000717a00000, 0x0000000717c00000|  0%| F|  |TAMS 0x0000000717a00000| PB 0x0000000717a00000| Untracked 
| 190|0x0000000717c00000, 0x0000000717c00000, 0x0000000717e00000|  0%| F|  |TAMS 0x0000000717c00000| PB 0x0000000717c00000| Untracked 
| 191|0x0000000717e00000, 0x0000000717e00000, 0x0000000718000000|  0%| F|  |TAMS 0x0000000717e00000| PB 0x0000000717e00000| Untracked 
| 192|0x0000000718000000, 0x0000000718000000, 0x0000000718200000|  0%| F|  |TAMS 0x0000000718000000| PB 0x0000000718000000| Untracked 
| 193|0x0000000718200000, 0x0000000718200000, 0x0000000718400000|  0%| F|  |TAMS 0x0000000718200000| PB 0x0000000718200000| Untracked 
| 194|0x0000000718400000, 0x0000000718400000, 0x0000000718600000|  0%| F|  |TAMS 0x0000000718400000| PB 0x0000000718400000| Untracked 
| 195|0x0000000718600000, 0x0000000718600000, 0x0000000718800000|  0%| F|  |TAMS 0x0000000718600000| PB 0x0000000718600000| Untracked 
| 196|0x0000000718800000, 0x0000000718800000, 0x0000000718a00000|  0%| F|  |TAMS 0x0000000718800000| PB 0x0000000718800000| Untracked 
| 197|0x0000000718a00000, 0x0000000718a00000, 0x0000000718c00000|  0%| F|  |TAMS 0x0000000718a00000| PB 0x0000000718a00000| Untracked 
| 198|0x0000000718c00000, 0x0000000718c00000, 0x0000000718e00000|  0%| F|  |TAMS 0x0000000718c00000| PB 0x0000000718c00000| Untracked 
| 199|0x0000000718e00000, 0x0000000718e00000, 0x0000000719000000|  0%| F|  |TAMS 0x0000000718e00000| PB 0x0000000718e00000| Untracked 
| 200|0x0000000719000000, 0x0000000719000000, 0x0000000719200000|  0%| F|  |TAMS 0x0000000719000000| PB 0x0000000719000000| Untracked 
| 201|0x0000000719200000, 0x0000000719200000, 0x0000000719400000|  0%| F|  |TAMS 0x0000000719200000| PB 0x0000000719200000| Untracked 
| 202|0x0000000719400000, 0x0000000719400000, 0x0000000719600000|  0%| F|  |TAMS 0x0000000719400000| PB 0x0000000719400000| Untracked 
| 203|0x0000000719600000, 0x0000000719600000, 0x0000000719800000|  0%| F|  |TAMS 0x0000000719600000| PB 0x0000000719600000| Untracked 
| 204|0x0000000719800000, 0x0000000719800000, 0x0000000719a00000|  0%| F|  |TAMS 0x0000000719800000| PB 0x0000000719800000| Untracked 
| 205|0x0000000719a00000, 0x0000000719a00000, 0x0000000719c00000|  0%| F|  |TAMS 0x0000000719a00000| PB 0x0000000719a00000| Untracked 
| 206|0x0000000719c00000, 0x0000000719c00000, 0x0000000719e00000|  0%| F|  |TAMS 0x0000000719c00000| PB 0x0000000719c00000| Untracked 
| 207|0x0000000719e00000, 0x0000000719e00000, 0x000000071a000000|  0%| F|  |TAMS 0x0000000719e00000| PB 0x0000000719e00000| Untracked 
| 208|0x000000071a000000, 0x000000071a000000, 0x000000071a200000|  0%| F|  |TAMS 0x000000071a000000| PB 0x000000071a000000| Untracked 
| 209|0x000000071a200000, 0x000000071a200000, 0x000000071a400000|  0%| F|  |TAMS 0x000000071a200000| PB 0x000000071a200000| Untracked 
| 210|0x000000071a400000, 0x000000071a400000, 0x000000071a600000|  0%| F|  |TAMS 0x000000071a400000| PB 0x000000071a400000| Untracked 
| 211|0x000000071a600000, 0x000000071a600000, 0x000000071a800000|  0%| F|  |TAMS 0x000000071a600000| PB 0x000000071a600000| Untracked 
| 212|0x000000071a800000, 0x000000071a800000, 0x000000071aa00000|  0%| F|  |TAMS 0x000000071a800000| PB 0x000000071a800000| Untracked 
| 213|0x000000071aa00000, 0x000000071aa00000, 0x000000071ac00000|  0%| F|  |TAMS 0x000000071aa00000| PB 0x000000071aa00000| Untracked 
| 214|0x000000071ac00000, 0x000000071ac00000, 0x000000071ae00000|  0%| F|  |TAMS 0x000000071ac00000| PB 0x000000071ac00000| Untracked 
| 215|0x000000071ae00000, 0x000000071ae00000, 0x000000071b000000|  0%| F|  |TAMS 0x000000071ae00000| PB 0x000000071ae00000| Untracked 
| 216|0x000000071b000000, 0x000000071b000000, 0x000000071b200000|  0%| F|  |TAMS 0x000000071b000000| PB 0x000000071b000000| Untracked 
| 217|0x000000071b200000, 0x000000071b200000, 0x000000071b400000|  0%| F|  |TAMS 0x000000071b200000| PB 0x000000071b200000| Untracked 
| 218|0x000000071b400000, 0x000000071b400000, 0x000000071b600000|  0%| F|  |TAMS 0x000000071b400000| PB 0x000000071b400000| Untracked 
| 219|0x000000071b600000, 0x000000071b600000, 0x000000071b800000|  0%| F|  |TAMS 0x000000071b600000| PB 0x000000071b600000| Untracked 
| 220|0x000000071b800000, 0x000000071b800000, 0x000000071ba00000|  0%| F|  |TAMS 0x000000071b800000| PB 0x000000071b800000| Untracked 
| 221|0x000000071ba00000, 0x000000071ba00000, 0x000000071bc00000|  0%| F|  |TAMS 0x000000071ba00000| PB 0x000000071ba00000| Untracked 
| 222|0x000000071bc00000, 0x000000071bc00000, 0x000000071be00000|  0%| F|  |TAMS 0x000000071bc00000| PB 0x000000071bc00000| Untracked 
| 223|0x000000071be00000, 0x000000071be00000, 0x000000071c000000|  0%| F|  |TAMS 0x000000071be00000| PB 0x000000071be00000| Untracked 
| 224|0x000000071c000000, 0x000000071c000000, 0x000000071c200000|  0%| F|  |TAMS 0x000000071c000000| PB 0x000000071c000000| Untracked 
| 225|0x000000071c200000, 0x000000071c200000, 0x000000071c400000|  0%| F|  |TAMS 0x000000071c200000| PB 0x000000071c200000| Untracked 
| 226|0x000000071c400000, 0x000000071c400000, 0x000000071c600000|  0%| F|  |TAMS 0x000000071c400000| PB 0x000000071c400000| Untracked 
| 227|0x000000071c600000, 0x000000071c600000, 0x000000071c800000|  0%| F|  |TAMS 0x000000071c600000| PB 0x000000071c600000| Untracked 
| 228|0x000000071c800000, 0x000000071c800000, 0x000000071ca00000|  0%| F|  |TAMS 0x000000071c800000| PB 0x000000071c800000| Untracked 
| 229|0x000000071ca00000, 0x000000071ca00000, 0x000000071cc00000|  0%| F|  |TAMS 0x000000071ca00000| PB 0x000000071ca00000| Untracked 
| 230|0x000000071cc00000, 0x000000071cc00000, 0x000000071ce00000|  0%| F|  |TAMS 0x000000071cc00000| PB 0x000000071cc00000| Untracked 
| 231|0x000000071ce00000, 0x000000071ce00000, 0x000000071d000000|  0%| F|  |TAMS 0x000000071ce00000| PB 0x000000071ce00000| Untracked 
| 232|0x000000071d000000, 0x000000071d000000, 0x000000071d200000|  0%| F|  |TAMS 0x000000071d000000| PB 0x000000071d000000| Untracked 
| 233|0x000000071d200000, 0x000000071d200000, 0x000000071d400000|  0%| F|  |TAMS 0x000000071d200000| PB 0x000000071d200000| Untracked 
| 234|0x000000071d400000, 0x000000071d400000, 0x000000071d600000|  0%| F|  |TAMS 0x000000071d400000| PB 0x000000071d400000| Untracked 
| 235|0x000000071d600000, 0x000000071d600000, 0x000000071d800000|  0%| F|  |TAMS 0x000000071d600000| PB 0x000000071d600000| Untracked 
| 236|0x000000071d800000, 0x000000071d800000, 0x000000071da00000|  0%| F|  |TAMS 0x000000071d800000| PB 0x000000071d800000| Untracked 
| 237|0x000000071da00000, 0x000000071da00000, 0x000000071dc00000|  0%| F|  |TAMS 0x000000071da00000| PB 0x000000071da00000| Untracked 
| 238|0x000000071dc00000, 0x000000071dc00000, 0x000000071de00000|  0%| F|  |TAMS 0x000000071dc00000| PB 0x000000071dc00000| Untracked 
| 239|0x000000071de00000, 0x000000071de00000, 0x000000071e000000|  0%| F|  |TAMS 0x000000071de00000| PB 0x000000071de00000| Untracked 
| 240|0x000000071e000000, 0x000000071e000000, 0x000000071e200000|  0%| F|  |TAMS 0x000000071e000000| PB 0x000000071e000000| Untracked 
|2047|0x00000007ffe00000, 0x0000000800000000, 0x0000000800000000|100%| O|  |TAMS 0x00000007ffe00000| PB 0x00000007ffe00000| Untracked 

Card table byte_map: [0x000001bbe24e0000,0x000001bbe2ce0000] _byte_map_base: 0x000001bbdece0000

Marking Bits: (CMBitMap*) 0x000001bbca593c90
 Bits: [0x000001bbe2ce0000, 0x000001bbe6ce0000)

Polling page: 0x000001bbc9c30000

Metaspace:

Usage:
  Non-class:    130.59 MB used.
      Class:     18.95 MB used.
       Both:    149.54 MB used.

Virtual space:
  Non-class space:      192.00 MB reserved,     131.81 MB ( 69%) committed,  3 nodes.
      Class space:        1.00 GB reserved,      20.19 MB (  2%) committed,  1 nodes.
             Both:        1.19 GB reserved,     152.00 MB ( 12%) committed. 

Chunk freelists:
   Non-Class:  11.58 MB
       Class:  11.81 MB
        Both:  23.39 MB

MaxMetaspaceSize: 2.00 GB
CompressedClassSpaceSize: 1.00 GB
Initial GC threshold: 21.00 MB
Current GC threshold: 239.94 MB
CDS: on
 - commit_granule_bytes: 65536.
 - commit_granule_words: 8192.
 - virtual_space_node_default_size: 8388608.
 - enlarge_chunks_in_place: 1.
 - use_allocation_guard: 0.


Internal statistics:

num_allocs_failed_limit: 21.
num_arena_births: 4630.
num_arena_deaths: 10.
num_vsnodes_births: 4.
num_vsnodes_deaths: 0.
num_space_committed: 2430.
num_space_uncommitted: 0.
num_chunks_returned_to_freelist: 42.
num_chunks_taken_from_freelist: 10835.
num_chunk_merges: 23.
num_chunk_splits: 7584.
num_chunks_enlarged: 5222.
num_inconsistent_stats: 0.

CodeHeap 'non-profiled nmethods': size=120000Kb used=14803Kb max_used=14803Kb free=105196Kb
 bounds [0x000001bbda480000, 0x000001bbdb300000, 0x000001bbe19b0000]
CodeHeap 'profiled nmethods': size=120000Kb used=43825Kb max_used=43825Kb free=76174Kb
 bounds [0x000001bbd29b0000, 0x000001bbd5480000, 0x000001bbd9ee0000]
CodeHeap 'non-nmethods': size=5760Kb used=3185Kb max_used=3246Kb free=2574Kb
 bounds [0x000001bbd9ee0000, 0x000001bbda220000, 0x000001bbda480000]
 total_blobs=20521 nmethods=19318 adapters=1104
 compilation: enabled
              stopped_count=0, restarted_count=0
 full_count=0

Compilation events (20 events):
Event: 272.600 Thread 0x000001bbe96e9d10 22208       1       org.jetbrains.kotlin.protobuf.SmallSortedMap$Entry::getValue (5 bytes)
Event: 272.600 Thread 0x000001bbe96e9d10 nmethod 22208 0x000001bbdb2e9610 code [0x000001bbdb2e97a0, 0x000001bbdb2e9870]
Event: 272.600 Thread 0x000001bbe96e9d10 22209       1       org.jetbrains.kotlin.protobuf.WireFormat$FieldType::getWireType (5 bytes)
Event: 272.600 Thread 0x000001bbe96e9d10 nmethod 22209 0x000001bbdb2e9910 code [0x000001bbdb2e9aa0, 0x000001bbdb2e9b68]
Event: 272.607 Thread 0x000001bbe96e64f0 nmethod 22111 0x000001bbdb2e9c10 code [0x000001bbdb2ea1c0, 0x000001bbdb2eef38]
Event: 272.608 Thread 0x000001bbe96e64f0 22164       4       org.jetbrains.org.objectweb.asm.ClassReader::readUtf (161 bytes)
Event: 272.621 Thread 0x000001bbe96e64f0 nmethod 22164 0x000001bbdb2f1c90 code [0x000001bbdb2f1e80, 0x000001bbdb2f2800]
Event: 272.621 Thread 0x000001bbe96e64f0 22166       4       org.jetbrains.org.objectweb.asm.ByteVector::putUTF8 (144 bytes)
Event: 272.627 Thread 0x000001bbe96e64f0 nmethod 22166 0x000001bbdb2f2d10 code [0x000001bbdb2f2ee0, 0x000001bbdb2f32f0]
Event: 272.628 Thread 0x000001bbe96e64f0 22180       4       org.jetbrains.org.objectweb.asm.ClassReader::readUtf (44 bytes)
Event: 272.633 Thread 0x000001bbe96e9d10 22215 %     3       org.jetbrains.org.objectweb.asm.ClassReader::readMethod @ 103 (1061 bytes)
Event: 272.640 Thread 0x000001bbe96e9d10 nmethod 22215% 0x000001bbd546dd90 code [0x000001bbd546e540, 0x000001bbd5473118]
Event: 272.641 Thread 0x000001bbe96e9d10 22217       2       org.jetbrains.org.objectweb.asm.AnnotationWriter::putParameterAnnotations (173 bytes)
Event: 272.643 Thread 0x000001bbe96e9d10 nmethod 22217 0x000001bbd5474f90 code [0x000001bbd54751c0, 0x000001bbd54756b0]
Event: 272.643 Thread 0x000001bbe96e9d10 22216       1       org.gradle.cache.internal.DefaultCacheCoordinator$IndexedCacheEntry::getCache (5 bytes)
Event: 272.643 Thread 0x000001bbe96e9d10 nmethod 22216 0x000001bbdb2f3610 code [0x000001bbdb2f37a0, 0x000001bbdb2f3870]
Event: 272.644 Thread 0x000001bbe96e9d10 22218       3       org.jetbrains.org.objectweb.asm.ClassReader::readMethod (1061 bytes)
Event: 272.650 Thread 0x000001bbe96e9d10 nmethod 22218 0x000001bbd5475b10 code [0x000001bbd5476280, 0x000001bbd547a958]
Event: 272.651 Thread 0x000001bbe96e64f0 nmethod 22180 0x000001bbdb2f3910 code [0x000001bbdb2f3b20, 0x000001bbdb2f47a0]
Event: 272.652 Thread 0x000001bbe96e64f0 22214       4       org.jetbrains.org.objectweb.asm.SymbolTable::addConstantUtf8 (98 bytes)

GC Heap History (20 events):
Event: 202.892 GC heap after
{Heap after GC invocations=106 (full 0):
 garbage-first heap   total 495616K, used 130660K [0x0000000700000000, 0x0000000800000000)
  region size 2048K, 5 young (10240K), 5 survivors (10240K)
 Metaspace       used 141842K, committed 144320K, reserved 1179648K
  class space    used 18078K, committed 19328K, reserved 1048576K
}
Event: 205.382 GC heap before
{Heap before GC invocations=106 (full 0):
 garbage-first heap   total 495616K, used 417380K [0x0000000700000000, 0x0000000800000000)
  region size 2048K, 145 young (296960K), 5 survivors (10240K)
 Metaspace       used 141842K, committed 144320K, reserved 1179648K
  class space    used 18078K, committed 19328K, reserved 1048576K
}
Event: 205.408 GC heap after
{Heap after GC invocations=107 (full 0):
 garbage-first heap   total 495616K, used 131456K [0x0000000700000000, 0x0000000800000000)
  region size 2048K, 6 young (12288K), 6 survivors (12288K)
 Metaspace       used 141842K, committed 144320K, reserved 1179648K
  class space    used 18078K, committed 19328K, reserved 1048576K
}
Event: 207.612 GC heap before
{Heap before GC invocations=107 (full 0):
 garbage-first heap   total 495616K, used 416128K [0x0000000700000000, 0x0000000800000000)
  region size 2048K, 145 young (296960K), 6 survivors (12288K)
 Metaspace       used 141842K, committed 144320K, reserved 1179648K
  class space    used 18078K, committed 19328K, reserved 1048576K
}
Event: 207.627 GC heap after
{Heap after GC invocations=108 (full 0):
 garbage-first heap   total 495616K, used 132720K [0x0000000700000000, 0x0000000800000000)
  region size 2048K, 6 young (12288K), 6 survivors (12288K)
 Metaspace       used 141842K, committed 144320K, reserved 1179648K
  class space    used 18078K, committed 19328K, reserved 1048576K
}
Event: 212.051 GC heap before
{Heap before GC invocations=108 (full 0):
 garbage-first heap   total 495616K, used 417392K [0x0000000700000000, 0x0000000800000000)
  region size 2048K, 145 young (296960K), 6 survivors (12288K)
 Metaspace       used 141842K, committed 144320K, reserved 1179648K
  class space    used 18078K, committed 19328K, reserved 1048576K
}
Event: 212.066 GC heap after
{Heap after GC invocations=109 (full 0):
 garbage-first heap   total 495616K, used 133216K [0x0000000700000000, 0x0000000800000000)
  region size 2048K, 7 young (14336K), 7 survivors (14336K)
 Metaspace       used 141842K, committed 144320K, reserved 1179648K
  class space    used 18078K, committed 19328K, reserved 1048576K
}
Event: 225.216 GC heap before
{Heap before GC invocations=109 (full 0):
 garbage-first heap   total 495616K, used 415840K [0x0000000700000000, 0x0000000800000000)
  region size 2048K, 145 young (296960K), 7 survivors (14336K)
 Metaspace       used 142175K, committed 144640K, reserved 1179648K
  class space    used 18091K, committed 19328K, reserved 1048576K
}
Event: 225.829 GC heap after
{Heap after GC invocations=110 (full 0):
 garbage-first heap   total 495616K, used 143452K [0x0000000700000000, 0x0000000800000000)
  region size 2048K, 12 young (24576K), 12 survivors (24576K)
 Metaspace       used 142175K, committed 144640K, reserved 1179648K
  class space    used 18091K, committed 19328K, reserved 1048576K
}
Event: 225.848 GC heap before
{Heap before GC invocations=110 (full 0):
 garbage-first heap   total 495616K, used 145500K [0x0000000700000000, 0x0000000800000000)
  region size 2048K, 13 young (26624K), 12 survivors (24576K)
 Metaspace       used 142175K, committed 144640K, reserved 1179648K
  class space    used 18091K, committed 19328K, reserved 1048576K
}
Event: 225.988 GC heap after
{Heap after GC invocations=111 (full 0):
 garbage-first heap   total 495616K, used 145295K [0x0000000700000000, 0x0000000800000000)
  region size 2048K, 1 young (2048K), 1 survivors (2048K)
 Metaspace       used 142175K, committed 144640K, reserved 1179648K
  class space    used 18091K, committed 19328K, reserved 1048576K
}
Event: 243.706 GC heap before
{Heap before GC invocations=111 (full 0):
 garbage-first heap   total 495616K, used 239503K [0x0000000700000000, 0x0000000800000000)
  region size 2048K, 49 young (100352K), 1 survivors (2048K)
 Metaspace       used 144457K, committed 146880K, reserved 1179648K
  class space    used 18227K, committed 19456K, reserved 1048576K
}
Event: 243.799 GC heap after
{Heap after GC invocations=112 (full 0):
 garbage-first heap   total 495616K, used 155871K [0x0000000700000000, 0x0000000800000000)
  region size 2048K, 7 young (14336K), 7 survivors (14336K)
 Metaspace       used 144457K, committed 146880K, reserved 1179648K
  class space    used 18227K, committed 19456K, reserved 1048576K
}
Event: 246.990 GC heap before
{Heap before GC invocations=113 (full 0):
 garbage-first heap   total 495616K, used 182495K [0x0000000700000000, 0x0000000800000000)
  region size 2048K, 20 young (40960K), 7 survivors (14336K)
 Metaspace       used 146140K, committed 148608K, reserved 1179648K
  class space    used 18388K, committed 19648K, reserved 1048576K
}
Event: 247.037 GC heap after
{Heap after GC invocations=114 (full 0):
 garbage-first heap   total 495616K, used 158799K [0x0000000700000000, 0x0000000800000000)
  region size 2048K, 2 young (4096K), 2 survivors (4096K)
 Metaspace       used 146140K, committed 148608K, reserved 1179648K
  class space    used 18388K, committed 19648K, reserved 1048576K
}
Event: 271.344 GC heap before
{Heap before GC invocations=114 (full 0):
 garbage-first heap   total 495616K, used 353359K [0x0000000700000000, 0x0000000800000000)
  region size 2048K, 95 young (194560K), 2 survivors (4096K)
 Metaspace       used 152179K, committed 154752K, reserved 1245184K
  class space    used 19306K, committed 20608K, reserved 1048576K
}
Event: 271.641 GC heap after
{Heap after GC invocations=115 (full 0):
 garbage-first heap   total 495616K, used 185525K [0x0000000700000000, 0x0000000800000000)
  region size 2048K, 12 young (24576K), 12 survivors (24576K)
 Metaspace       used 152179K, committed 154752K, reserved 1245184K
  class space    used 19306K, committed 20608K, reserved 1048576K
}
Event: 271.674 GC heap before
{Heap before GC invocations=115 (full 0):
 garbage-first heap   total 495616K, used 187573K [0x0000000700000000, 0x0000000800000000)
  region size 2048K, 13 young (26624K), 12 survivors (24576K)
 Metaspace       used 152202K, committed 154752K, reserved 1245184K
  class space    used 19308K, committed 20608K, reserved 1048576K
}
Event: 271.843 GC heap after
{Heap after GC invocations=116 (full 0):
 garbage-first heap   total 495616K, used 188777K [0x0000000700000000, 0x0000000800000000)
  region size 2048K, 2 young (4096K), 2 survivors (4096K)
 Metaspace       used 152202K, committed 154752K, reserved 1245184K
  class space    used 19308K, committed 20608K, reserved 1048576K
}
Event: 272.669 GC heap before
{Heap before GC invocations=116 (full 0):
 garbage-first heap   total 495616K, used 303465K [0x0000000700000000, 0x0000000800000000)
  region size 2048K, 59 young (120832K), 2 survivors (4096K)
 Metaspace       used 153131K, committed 155648K, reserved 1245184K
  class space    used 19408K, committed 20672K, reserved 1048576K
}

Dll operation events (15 events):
Event: 0.034 Loaded shared library C:\Program Files\Java\jdk-21\bin\java.dll
Event: 0.118 Loaded shared library C:\Program Files\Java\jdk-21\bin\jsvml.dll
Event: 0.205 Loaded shared library C:\Program Files\Java\jdk-21\bin\zip.dll
Event: 0.218 Loaded shared library C:\Program Files\Java\jdk-21\bin\instrument.dll
Event: 0.228 Loaded shared library C:\Program Files\Java\jdk-21\bin\net.dll
Event: 0.235 Loaded shared library C:\Program Files\Java\jdk-21\bin\nio.dll
Event: 0.251 Loaded shared library C:\Program Files\Java\jdk-21\bin\zip.dll
Event: 0.795 Loaded shared library C:\Program Files\Java\jdk-21\bin\jimage.dll
Event: 0.951 Loaded shared library C:\Program Files\Java\jdk-21\bin\verify.dll
Event: 1.337 Loaded shared library C:\Users\ibamq\.gradle\native\c067742578af261105cb4f569cf0c3c89f3d7b1fecec35dd04571415982c5e48\windows-amd64\native-platform.dll
Event: 1.367 Loaded shared library C:\Users\ibamq\.gradle\native\38dada09dfb8b06ba9b0570ebf7e218e3eb74d4ef43ca46872605cf95ebc2f47\windows-amd64\native-platform-file-events.dll
Event: 3.918 Loaded shared library C:\Program Files\Java\jdk-21\bin\management.dll
Event: 3.930 Loaded shared library C:\Program Files\Java\jdk-21\bin\management_ext.dll
Event: 4.582 Loaded shared library C:\Program Files\Java\jdk-21\bin\extnet.dll
Event: 4.886 Loaded shared library C:\Program Files\Java\jdk-21\bin\sunmscapi.dll

Deoptimization events (20 events):
Event: 272.454 Thread 0x000001bbef9447b0 Uncommon trap: trap_request=0xffffff45 fr.pc=0x000001bbdb2c1254 relative=0x00000000000007d4
Event: 272.454 Thread 0x000001bbef9447b0 Uncommon trap: reason=unstable_if action=reinterpret pc=0x000001bbdb2c1254 method=org.jetbrains.org.objectweb.asm.ClassReader.readUtf(II[C)Ljava/lang/String; @ 69 c2
Event: 272.454 Thread 0x000001bbef9447b0 DEOPT PACKING pc=0x000001bbdb2c1254 sp=0x0000009da31f9f40
Event: 272.454 Thread 0x000001bbef9447b0 DEOPT UNPACKING pc=0x000001bbd9f346a2 sp=0x0000009da31f9f00 mode 2
Event: 272.455 Thread 0x000001bbef9447b0 Uncommon trap: trap_request=0xffffff3d fr.pc=0x000001bbdb29dec0 relative=0x0000000000000c40
Event: 272.455 Thread 0x000001bbef9447b0 Uncommon trap: reason=unstable_fused_if action=reinterpret pc=0x000001bbdb29dec0 method=org.jetbrains.org.objectweb.asm.ByteVector.putUTF8(Ljava/lang/String;)Lorg/jetbrains/org/objectweb/asm/ByteVector; @ 93 c2
Event: 272.455 Thread 0x000001bbef9447b0 DEOPT PACKING pc=0x000001bbdb29dec0 sp=0x0000009da31fa010
Event: 272.455 Thread 0x000001bbef9447b0 DEOPT UNPACKING pc=0x000001bbd9f346a2 sp=0x0000009da31f9f58 mode 2
Event: 272.455 Thread 0x000001bbef9447b0 Uncommon trap: trap_request=0xffffff3d fr.pc=0x000001bbdb291d5c relative=0x000000000000027c
Event: 272.455 Thread 0x000001bbef9447b0 Uncommon trap: reason=unstable_fused_if action=reinterpret pc=0x000001bbdb291d5c method=org.jetbrains.org.objectweb.asm.ByteVector.putUTF8(Ljava/lang/String;)Lorg/jetbrains/org/objectweb/asm/ByteVector; @ 93 c2
Event: 272.455 Thread 0x000001bbef9447b0 DEOPT PACKING pc=0x000001bbdb291d5c sp=0x0000009da31f9fb0
Event: 272.456 Thread 0x000001bbef9447b0 DEOPT UNPACKING pc=0x000001bbd9f346a2 sp=0x0000009da31f9f50 mode 2
Event: 272.496 Thread 0x000001bbf37327e0 Uncommon trap: trap_request=0xffffff45 fr.pc=0x000001bbdb2d8c7c relative=0x00000000000006fc
Event: 272.496 Thread 0x000001bbf37327e0 Uncommon trap: reason=unstable_if action=reinterpret pc=0x000001bbdb2d8c7c method=org.jetbrains.kotlin.com.intellij.util.io.IOUtil.writeString(Ljava/lang/String;Ljava/io/DataOutput;)V @ 34 c2
Event: 272.496 Thread 0x000001bbf37327e0 DEOPT PACKING pc=0x000001bbdb2d8c7c sp=0x0000009da34fa440
Event: 272.496 Thread 0x000001bbf37327e0 DEOPT UNPACKING pc=0x000001bbd9f346a2 sp=0x0000009da34fa3d8 mode 2
Event: 272.632 Thread 0x000001bbef9447b0 Uncommon trap: trap_request=0xffffff45 fr.pc=0x000001bbdb2edf3c relative=0x0000000000003d7c
Event: 272.632 Thread 0x000001bbef9447b0 Uncommon trap: reason=unstable_if action=reinterpret pc=0x000001bbdb2edf3c method=org.jetbrains.org.objectweb.asm.ClassReader.readMethod(Lorg/jetbrains/org/objectweb/asm/ClassVisitor;Lorg/jetbrains/org/objectweb/asm/Context;I)I @ 989 c2
Event: 272.632 Thread 0x000001bbef9447b0 DEOPT PACKING pc=0x000001bbdb2edf3c sp=0x0000009da31fa2b0
Event: 272.632 Thread 0x000001bbef9447b0 DEOPT UNPACKING pc=0x000001bbd9f346a2 sp=0x0000009da31fa278 mode 2

Classes loaded (20 events):
Event: 260.268 Loading class sun/security/ssl/CertificateMessage$T13CertificateMessage
Event: 260.271 Loading class sun/security/ssl/CertificateMessage$T13CertificateMessage done
Event: 260.272 Loading class sun/security/ssl/CertificateMessage$CertificateEntry
Event: 260.273 Loading class sun/security/ssl/CertificateMessage$CertificateEntry done
Event: 260.322 Loading class sun/security/ssl/CertificateVerify$T13CertificateVerifyMessage
Event: 260.324 Loading class sun/security/ssl/CertificateVerify$T13CertificateVerifyMessage done
Event: 260.330 Loading class sun/security/ssl/SSLBasicKeyDerivation
Event: 260.332 Loading class sun/security/ssl/SSLBasicKeyDerivation done
Event: 260.332 Loading class sun/security/ssl/SSLBasicKeyDerivation$SecretSizeSpec
Event: 260.332 Loading class sun/security/ssl/SSLBasicKeyDerivation$SecretSizeSpec done
Event: 260.445 Loading class sun/security/ssl/PostHandshakeContext
Event: 260.449 Loading class sun/security/ssl/PostHandshakeContext done
Event: 260.454 Loading class sun/security/ssl/NewSessionTicket$T13NewSessionTicketMessage
Event: 260.463 Loading class sun/security/ssl/NewSessionTicket$T13NewSessionTicketMessage done
Event: 263.751 Loading class sun/reflect/annotation/AnnotationInvocationHandler$1
Event: 263.754 Loading class sun/reflect/annotation/AnnotationInvocationHandler$1 done
Event: 266.085 Loading class java/util/TreeMap$KeySpliterator
Event: 266.086 Loading class java/util/TreeMap$TreeMapSpliterator
Event: 266.087 Loading class java/util/TreeMap$TreeMapSpliterator done
Event: 266.087 Loading class java/util/TreeMap$KeySpliterator done

Classes unloaded (20 events):
Event: 88.052 Thread 0x000001bbe96b2410 Unloading class 0x000001bb816b1ba0 '_BuildScript_$_run_closure1$_closure4'
Event: 88.052 Thread 0x000001bbe96b2410 Unloading class 0x000001bb816b17c0 '_BuildScript_$_run_closure1$_closure3$_closure5'
Event: 88.052 Thread 0x000001bbe96b2410 Unloading class 0x000001bb816b13e0 '_BuildScript_$_run_closure1$_closure3'
Event: 88.052 Thread 0x000001bbe96b2410 Unloading class 0x000001bb816b1000 '_BuildScript_$_run_closure1'
Event: 88.052 Thread 0x000001bbe96b2410 Unloading class 0x000001bb816b0800 '_BuildScript_'
Event: 88.052 Thread 0x000001bbe96b2410 Unloading class 0x000001bb816a2800 '_BuildScript_'
Event: 88.053 Thread 0x000001bbe96b2410 Unloading class 0x000001bb8169c908 '_BuildScript_$_run_closure1$_closure2'
Event: 88.053 Thread 0x000001bbe96b2410 Unloading class 0x000001bb8169c528 '_BuildScript_$_run_closure1'
Event: 88.053 Thread 0x000001bbe96b2410 Unloading class 0x000001bb8169c000 '_BuildScript_'
Event: 88.053 Thread 0x000001bbe96b2410 Unloading class 0x000001bb8169a000 '_BuildScript_$_run_closure1$_closure2'
Event: 88.053 Thread 0x000001bbe96b2410 Unloading class 0x000001bb81699908 '_BuildScript_$_run_closure1'
Event: 88.053 Thread 0x000001bbe96b2410 Unloading class 0x000001bb816993e0 '_BuildScript_'
Event: 88.053 Thread 0x000001bbe96b2410 Unloading class 0x000001bb81699000 'ProtobufPatchPlugin$_apply_closure1$_closure2$_closure3$_closure4'
Event: 88.053 Thread 0x000001bbe96b2410 Unloading class 0x000001bb81698a80 'ProtobufPatchPlugin$_apply_closure1$_closure2$_closure3'
Event: 88.053 Thread 0x000001bbe96b2410 Unloading class 0x000001bb816986a0 'ProtobufPatchPlugin$_apply_closure1$_closure2'
Event: 88.053 Thread 0x000001bbe96b2410 Unloading class 0x000001bb816982c0 'ProtobufPatchPlugin$_apply_closure1'
Event: 88.053 Thread 0x000001bbe96b2410 Unloading class 0x000001bb81698000 'ProtobufPatchPlugin'
Event: 88.053 Thread 0x000001bbe96b2410 Unloading class 0x000001bb816043e0 '_BuildScript_$_run_closure1$_closure2'
Event: 88.054 Thread 0x000001bbe96b2410 Unloading class 0x000001bb81604000 '_BuildScript_$_run_closure1'
Event: 88.054 Thread 0x000001bbe96b2410 Unloading class 0x000001bb815fc000 '_BuildScript_'

Classes redefined (0 events):
No events

Internal exceptions (20 events):
Event: 248.372 Thread 0x000001bbef867060 Exception <a 'java/lang/NoSuchMethodError'{0x000000071ceeac08}: static Lorg/gradle/internal/build/event/types/DefaultBinaryPluginIdentifier;.<clinit>()V> (0x000000071ceeac08) 
thrown [s\open\src\hotspot\share\prims\jni.cpp, line 1111]
Event: 248.380 Thread 0x000001bbef867060 Exception <a 'java/lang/NoSuchMethodError'{0x000000071cf05610}: static Lorg/gradle/internal/build/event/types/DefaultScriptPluginIdentifier;.<clinit>()V> (0x000000071cf05610) 
thrown [s\open\src\hotspot\share\prims\jni.cpp, line 1111]
Event: 263.504 Thread 0x000001bbef8697c0 Exception <a 'java/lang/NoSuchMethodError'{0x000000071bca98c0}: 'java.lang.Object java.lang.invoke.DirectMethodHandle$Holder.newInvokeSpecial(java.lang.Object, java.lang.Object, java.lang.Object, java.lang.Object, java.lang.Object, java.lang.Object, int)'> (0x000000071bca98c0) 
thrown [s\open\src\hotspot\share\interpreter\linkResolver.cpp, line 773]
Event: 263.507 Thread 0x000001bbef8697c0 Exception <a 'java/lang/NoSuchMethodError'{0x000000071bcaedb0}: 'java.lang.Object java.lang.invoke.DirectMethodHandle$Holder.invokeSpecial(java.lang.Object, java.lang.Object, java.lang.Object, java.lang.Object, java.lang.Object, java.lang.Object, java.lang.Object, int)'> (0x000000071bcaedb0) 
thrown [s\open\src\hotspot\share\interpreter\linkResolver.cpp, line 773]
Event: 263.512 Thread 0x000001bbef8697c0 Exception <a 'java/lang/NoSuchMethodError'{0x000000071bcb3e90}: 'java.lang.Object java.lang.invoke.Invokers$Holder.linkToTargetMethod(java.lang.Object, java.lang.Object, java.lang.Object, java.lang.Object, java.lang.Object, int, java.lang.Object)'> (0x000000071bcb3e90) 
thrown [s\open\src\hotspot\share\interpreter\linkResolver.cpp, line 773]
Event: 266.003 Thread 0x000001bbff6cb030 Exception <a 'java/lang/NoSuchMethodError'{0x000000071b0601a0}: 'java.lang.Object java.lang.invoke.DirectMethodHandle$Holder.invokeVirtual(java.lang.Object, java.lang.Object, java.lang.Object, java.lang.Object, java.lang.Object, java.lang.Object, java.lang.Object, java.lang.Object, java.lang.Object, java.lang.Object, java.lang.Object, java.lang.Object, java.lang.Object, java.lang.Object, java.lang.Object, java.lang.Object, java.lang.Object, java.lang.Object, java.lang.Object, java.lang.Object, java.lang.Ob
Event: 266.005 Thread 0x000001bbff6cb030 Exception <a 'java/lang/NoSuchMethodError'{0x000000071b0656a0}: 'java.lang.Object java.lang.invoke.DelegatingMethodHandle$Holder.reinvoke_L(java.lang.Object, java.lang.Object, java.lang.Object, java.lang.Object, java.lang.Object, java.lang.Object, java.lang.Object, java.lang.Object, java.lang.Object, java.lang.Object, java.lang.Object, java.lang.Object, java.lang.Object, java.lang.Object, java.lang.Object, java.lang.Object, java.lang.Object, java.lang.Object, java.lang.Object, java.lang.Object, java.lang.O
Event: 266.591 Thread 0x000001bbef867060 Exception <a 'java/lang/NoSuchMethodError'{0x000000071b18dfa8}: static Lorg/gradle/internal/build/event/types/DefaultTaskStartedProgressEvent;.<clinit>()V> (0x000000071b18dfa8) 
thrown [s\open\src\hotspot\share\prims\jni.cpp, line 1111]
Event: 266.609 Thread 0x000001bbef867060 Exception <a 'java/lang/NoSuchMethodError'{0x000000071b1991e0}: static Lorg/gradle/internal/build/event/types/DefaultTaskDescriptor;.<clinit>()V> (0x000000071b1991e0) 
thrown [s\open\src\hotspot\share\prims\jni.cpp, line 1111]
Event: 267.018 Thread 0x000001bbef867060 Exception <a 'java/lang/NoSuchMethodError'{0x000000071ae7cfe8}: static Lorg/gradle/internal/build/event/types/DefaultTaskFinishedProgressEvent;.<clinit>()V> (0x000000071ae7cfe8) 
thrown [s\open\src\hotspot\share\prims\jni.cpp, line 1111]
Event: 267.027 Thread 0x000001bbef867060 Exception <a 'java/lang/NoSuchMethodError'{0x000000071ae96710}: static Lorg/gradle/internal/build/event/types/DefaultTaskSuccessResult;.<clinit>()V> (0x000000071ae96710) 
thrown [s\open\src\hotspot\share\prims\jni.cpp, line 1111]
Event: 267.027 Thread 0x000001bbef867060 Exception <a 'java/lang/NoSuchMethodError'{0x000000071ae97e58}: static Lorg/gradle/internal/build/event/types/AbstractTaskResult;.<clinit>()V> (0x000000071ae97e58) 
thrown [s\open\src\hotspot\share\prims\jni.cpp, line 1111]
Event: 267.034 Thread 0x000001bbff6cb030 Exception <a 'java/lang/NoSuchMethodError'{0x000000071ae5c538}: 'java.lang.Object java.lang.invoke.DirectMethodHandle$Holder.newInvokeSpecial(java.lang.Object, java.lang.Object, java.lang.Object, java.lang.Object, int, java.lang.Object)'> (0x000000071ae5c538) 
thrown [s\open\src\hotspot\share\interpreter\linkResolver.cpp, line 773]
Event: 267.036 Thread 0x000001bbff6cb030 Exception <a 'java/lang/NoSuchMethodError'{0x000000071ae60558}: 'java.lang.Object java.lang.invoke.Invokers$Holder.linkToTargetMethod(java.lang.Object, java.lang.Object, java.lang.Object, int, java.lang.Object, java.lang.Object)'> (0x000000071ae60558) 
thrown [s\open\src\hotspot\share\interpreter\linkResolver.cpp, line 773]
Event: 267.038 Thread 0x000001bbef867060 Exception <a 'java/lang/NoSuchMethodError'{0x000000071af51e28}: static [Ljava/lang/Object;.<clinit>()V> (0x000000071af51e28) 
thrown [s\open\src\hotspot\share\prims\jni.cpp, line 1111]
Event: 267.464 Thread 0x000001bbff6cb030 Exception <a 'java/lang/NoSuchMethodError'{0x000000071ac4a330}: 'int java.lang.invoke.DirectMethodHandle$Holder.invokeSpecial(java.lang.Object, java.lang.Object, java.lang.Object, java.lang.Object, java.lang.Object)'> (0x000000071ac4a330) 
thrown [s\open\src\hotspot\share\interpreter\linkResolver.cpp, line 773]
Event: 268.449 Thread 0x000001bbff6cb030 Exception <a 'java/lang/NoSuchMethodError'{0x000000071a717100}: 'void java.lang.invoke.DirectMethodHandle$Holder.invokeStatic(java.lang.Object, java.lang.Object, java.lang.Object, java.lang.Object, int, java.lang.Object, java.lang.Object)'> (0x000000071a717100) 
thrown [s\open\src\hotspot\share\interpreter\linkResolver.cpp, line 773]
Event: 272.204 Thread 0x000001bbef940ca0 Implicit null exception at 0x000001bbdb05930b to 0x000001bbdb05993c
Event: 272.204 Thread 0x000001bbef940ca0 Implicit null exception at 0x000001bbdafca33d to 0x000001bbdafca7ac
Event: 272.406 Thread 0x000001bbef9447b0 Implicit null exception at 0x000001bbdafc8dda to 0x000001bbdafc92a4

ZGC Phase Switch (0 events):
No events

VM Operations (20 events):
Event: 267.450 Executing VM operation: HandshakeAllThreads (Deoptimize) done
Event: 267.477 Executing VM operation: HandshakeAllThreads (Deoptimize)
Event: 267.478 Executing VM operation: HandshakeAllThreads (Deoptimize) done
Event: 268.479 Executing VM operation: Cleanup
Event: 268.480 Executing VM operation: Cleanup done
Event: 268.622 Executing VM operation: HandshakeAllThreads (Deoptimize)
Event: 268.623 Executing VM operation: HandshakeAllThreads (Deoptimize) done
Event: 269.337 Executing VM operation: HandshakeAllThreads (Deoptimize)
Event: 269.413 Executing VM operation: HandshakeAllThreads (Deoptimize) done
Event: 269.591 Executing VM operation: HandshakeAllThreads (Deoptimize)
Event: 269.602 Executing VM operation: HandshakeAllThreads (Deoptimize) done
Event: 269.602 Executing VM operation: Cleanup
Event: 269.603 Executing VM operation: Cleanup done
Event: 270.597 Executing VM operation: ICBufferFull
Event: 270.598 Executing VM operation: ICBufferFull done
Event: 271.342 Executing VM operation: G1CollectForAllocation (G1 Evacuation Pause)
Event: 271.642 Executing VM operation: G1CollectForAllocation (G1 Evacuation Pause) done
Event: 271.670 Executing VM operation: G1CollectForAllocation (G1 Evacuation Pause)
Event: 271.844 Executing VM operation: G1CollectForAllocation (G1 Evacuation Pause) done
Event: 272.665 Executing VM operation: G1CollectForAllocation (G1 Evacuation Pause)

Events (20 events):
Event: 265.308 Thread 0x000001bbff6cca70 Thread added: 0x000001bbff6cca70
Event: 265.310 Thread 0x000001bbff6cbd50 Thread added: 0x000001bbff6cbd50
Event: 265.344 Thread 0x000001bbff6cfef0 Thread added: 0x000001bbff6cfef0
Event: 265.345 Thread 0x000001bbff6cf1d0 Thread added: 0x000001bbff6cf1d0
Event: 265.347 Thread 0x000001bbff6d0580 Thread added: 0x000001bbff6d0580
Event: 265.871 Thread 0x000001bbff6cf860 Thread added: 0x000001bbff6cf860
Event: 268.271 Thread 0x000001bbff6d12a0 Thread added: 0x000001bbff6d12a0
Event: 268.271 Thread 0x000001bbff6ce4b0 Thread added: 0x000001bbff6ce4b0
Event: 268.273 Thread 0x000001bbff6d0c10 Thread added: 0x000001bbff6d0c10
Event: 268.273 Thread 0x000001bbff6cde20 Thread added: 0x000001bbff6cde20
Event: 268.277 Thread 0x000001bbff6d1930 Thread added: 0x000001bbff6d1930
Event: 268.277 Thread 0x000001bbff6d1fc0 Thread added: 0x000001bbff6d1fc0
Event: 268.278 Thread 0x000001bbff6ceb40 Thread added: 0x000001bbff6ceb40
Event: 268.546 Thread 0x000001bbef940ca0 Thread added: 0x000001bbef940ca0
Event: 268.550 Thread 0x000001bbef940610 Thread added: 0x000001bbef940610
Event: 268.553 Thread 0x000001bbef9447b0 Thread added: 0x000001bbef9447b0
Event: 268.556 Thread 0x000001bbef942050 Thread added: 0x000001bbef942050
Event: 268.562 Thread 0x000001bbf372e640 Thread added: 0x000001bbf372e640
Event: 268.564 Thread 0x000001bbf37327e0 Thread added: 0x000001bbf37327e0
Event: 268.566 Thread 0x000001bbef86d2d0 Thread added: 0x000001bbef86d2d0


Dynamic libraries:
0x00007ff662b40000 - 0x00007ff662b50000 	C:\Program Files\Java\jdk-21\bin\java.exe
0x00007fffec520000 - 0x00007fffec785000 	C:\WINDOWS\SYSTEM32\ntdll.dll
0x00007fffeba10000 - 0x00007fffebad9000 	C:\WINDOWS\System32\KERNEL32.DLL
0x00007fffe9ac0000 - 0x00007fffe9ea8000 	C:\WINDOWS\System32\KERNELBASE.dll
0x00007fffe9940000 - 0x00007fffe9a8b000 	C:\WINDOWS\System32\ucrtbase.dll
0x00007fffd4ac0000 - 0x00007fffd4adb000 	C:\Program Files\Java\jdk-21\bin\VCRUNTIME140.dll
0x00007fffd4de0000 - 0x00007fffd4df9000 	C:\Program Files\Java\jdk-21\bin\jli.dll
0x00007fffea2c0000 - 0x00007fffea373000 	C:\WINDOWS\System32\ADVAPI32.dll
0x00007fffebe40000 - 0x00007fffebee9000 	C:\WINDOWS\System32\msvcrt.dll
0x00007fffec090000 - 0x00007fffec136000 	C:\WINDOWS\System32\sechost.dll
0x00007fffeaf00000 - 0x00007fffeb015000 	C:\WINDOWS\System32\RPCRT4.dll
0x00007fffeb840000 - 0x00007fffeba0a000 	C:\WINDOWS\System32\USER32.dll
0x00007fffd2df0000 - 0x00007fffd308a000 	C:\WINDOWS\WinSxS\amd64_microsoft.windows.common-controls_6595b64144ccf1df_6.0.26100.4202_none_3e0698d4e335f517\COMCTL32.dll
0x00007fffe9a90000 - 0x00007fffe9ab7000 	C:\WINDOWS\System32\win32u.dll
0x00007fffebbe0000 - 0x00007fffebc0b000 	C:\WINDOWS\System32\GDI32.dll
0x00007fffe9f70000 - 0x00007fffea0a7000 	C:\WINDOWS\System32\gdi32full.dll
0x00007fffd9080000 - 0x00007fffd908b000 	C:\WINDOWS\SYSTEM32\VERSION.dll
0x00007fffe9710000 - 0x00007fffe97b3000 	C:\WINDOWS\System32\msvcp_win.dll
0x00007fffeaa30000 - 0x00007fffeaa60000 	C:\WINDOWS\System32\IMM32.DLL
0x00007fffd6d50000 - 0x00007fffd6d5c000 	C:\Program Files\Java\jdk-21\bin\vcruntime140_1.dll
0x00007fffa4220000 - 0x00007fffa42ae000 	C:\Program Files\Java\jdk-21\bin\msvcp140.dll
0x00007fff58df0000 - 0x00007fff59b0a000 	C:\Program Files\Java\jdk-21\bin\server\jvm.dll
0x00007fffeb7c0000 - 0x00007fffeb834000 	C:\WINDOWS\System32\WS2_32.dll
0x00007fffe94c0000 - 0x00007fffe951e000 	C:\WINDOWS\SYSTEM32\POWRPROF.dll
0x00007fffdc760000 - 0x00007fffdc795000 	C:\WINDOWS\SYSTEM32\WINMM.dll
0x00007fffe94a0000 - 0x00007fffe94b4000 	C:\WINDOWS\SYSTEM32\UMPDC.dll
0x00007fffe8430000 - 0x00007fffe844b000 	C:\WINDOWS\SYSTEM32\kernel.appcore.dll
0x00007fffd6c50000 - 0x00007fffd6c5a000 	C:\Program Files\Java\jdk-21\bin\jimage.dll
0x00007fffe7000000 - 0x00007fffe7241000 	C:\WINDOWS\SYSTEM32\DBGHELP.DLL
0x00007fffec140000 - 0x00007fffec4c5000 	C:\WINDOWS\System32\combase.dll
0x00007fffea940000 - 0x00007fffeaa21000 	C:\WINDOWS\System32\OLEAUT32.dll
0x00007fffd2c90000 - 0x00007fffd2cc9000 	C:\WINDOWS\SYSTEM32\dbgcore.DLL
0x00007fffe9670000 - 0x00007fffe9709000 	C:\WINDOWS\System32\bcryptPrimitives.dll
0x00007fffdc360000 - 0x00007fffdc36f000 	C:\Program Files\Java\jdk-21\bin\instrument.dll
0x00007fffd4aa0000 - 0x00007fffd4abf000 	C:\Program Files\Java\jdk-21\bin\java.dll
0x00007fffeb020000 - 0x00007fffeb762000 	C:\WINDOWS\System32\SHELL32.dll
0x00007fffe97c0000 - 0x00007fffe9934000 	C:\WINDOWS\System32\wintypes.dll
0x00007fffe72b0000 - 0x00007fffe7b08000 	C:\WINDOWS\SYSTEM32\windows.storage.dll
0x00007fffea690000 - 0x00007fffea781000 	C:\WINDOWS\System32\SHCORE.dll
0x00007fffebf70000 - 0x00007fffebfda000 	C:\WINDOWS\System32\shlwapi.dll
0x00007fffe9580000 - 0x00007fffe95af000 	C:\WINDOWS\SYSTEM32\profapi.dll
0x00007fffa46c0000 - 0x00007fffa4797000 	C:\Program Files\Java\jdk-21\bin\jsvml.dll
0x00007fffcaa80000 - 0x00007fffcaa98000 	C:\Program Files\Java\jdk-21\bin\zip.dll
0x00007fffd6c00000 - 0x00007fffd6c10000 	C:\Program Files\Java\jdk-21\bin\net.dll
0x00007fffe2c20000 - 0x00007fffe2d3e000 	C:\WINDOWS\SYSTEM32\WINHTTP.dll
0x00007fffe89a0000 - 0x00007fffe8a0a000 	C:\WINDOWS\system32\mswsock.dll
0x00007fffcaad0000 - 0x00007fffcaae6000 	C:\Program Files\Java\jdk-21\bin\nio.dll
0x00007fffd6b20000 - 0x00007fffd6b30000 	C:\Program Files\Java\jdk-21\bin\verify.dll
0x00007fffd70d0000 - 0x00007fffd70f7000 	C:\Users\ibamq\.gradle\native\c067742578af261105cb4f569cf0c3c89f3d7b1fecec35dd04571415982c5e48\windows-amd64\native-platform.dll
0x00007fffa5390000 - 0x00007fffa54d4000 	C:\Users\ibamq\.gradle\native\38dada09dfb8b06ba9b0570ebf7e218e3eb74d4ef43ca46872605cf95ebc2f47\windows-amd64\native-platform-file-events.dll
0x00007fffd4dd0000 - 0x00007fffd4dda000 	C:\Program Files\Java\jdk-21\bin\management.dll
0x00007fffd4bd0000 - 0x00007fffd4bdb000 	C:\Program Files\Java\jdk-21\bin\management_ext.dll
0x00007fffeb7b0000 - 0x00007fffeb7b8000 	C:\WINDOWS\System32\PSAPI.DLL
0x00007fffe8c50000 - 0x00007fffe8c6b000 	C:\WINDOWS\SYSTEM32\CRYPTSP.dll
0x00007fffe8390000 - 0x00007fffe83ca000 	C:\WINDOWS\system32\rsaenh.dll
0x00007fffe8a40000 - 0x00007fffe8a6b000 	C:\WINDOWS\SYSTEM32\USERENV.dll
0x00007fffe9550000 - 0x00007fffe9576000 	C:\WINDOWS\SYSTEM32\bcrypt.dll
0x00007fffe8c70000 - 0x00007fffe8c7c000 	C:\WINDOWS\SYSTEM32\CRYPTBASE.dll
0x00007fffe7e40000 - 0x00007fffe7e73000 	C:\WINDOWS\SYSTEM32\IPHLPAPI.DLL
0x00007fffeb770000 - 0x00007fffeb77a000 	C:\WINDOWS\System32\NSI.dll
0x00007fffd6800000 - 0x00007fffd6809000 	C:\Program Files\Java\jdk-21\bin\extnet.dll
0x00007fffbcb70000 - 0x00007fffbcb7e000 	C:\Program Files\Java\jdk-21\bin\sunmscapi.dll
0x00007fffea0b0000 - 0x00007fffea227000 	C:\WINDOWS\System32\CRYPT32.dll
0x00007fffe8e70000 - 0x00007fffe8ea0000 	C:\WINDOWS\SYSTEM32\ncrypt.dll
0x00007fffe8e20000 - 0x00007fffe8e5f000 	C:\WINDOWS\SYSTEM32\NTASN1.dll
0x00007fff64120000 - 0x00007fff64128000 	C:\WINDOWS\system32\wshunix.dll
0x00007fffe7ed0000 - 0x00007fffe7ff7000 	C:\WINDOWS\SYSTEM32\DNSAPI.dll
0x00007fffe1d40000 - 0x00007fffe1d4b000 	C:\Windows\System32\rasadhlp.dll
0x00007fffe2ff0000 - 0x00007fffe3076000 	C:\WINDOWS\System32\fwpuclnt.dll
0x00007fffc44c0000 - 0x00007fffc44d8000 	C:\WINDOWS\system32\napinsp.dll
0x00007fffc4180000 - 0x00007fffc4192000 	C:\WINDOWS\System32\winrnr.dll
0x00007fffc1df0000 - 0x00007fffc1e20000 	C:\WINDOWS\system32\nlansp_c.dll
0x00007fffe0a60000 - 0x00007fffe0a80000 	C:\WINDOWS\system32\wshbth.dll

dbghelp: loaded successfully - version: 4.0.5 - missing functions: none
symbol engine: initialized successfully - sym options: 0x614 - pdb path: .;C:\Program Files\Java\jdk-21\bin;C:\WINDOWS\SYSTEM32;C:\WINDOWS\WinSxS\amd64_microsoft.windows.common-controls_6595b64144ccf1df_6.0.26100.4202_none_3e0698d4e335f517;C:\Program Files\Java\jdk-21\bin\server;C:\Users\ibamq\.gradle\native\c067742578af261105cb4f569cf0c3c89f3d7b1fecec35dd04571415982c5e48\windows-amd64;C:\Users\ibamq\.gradle\native\38dada09dfb8b06ba9b0570ebf7e218e3eb74d4ef43ca46872605cf95ebc2f47\windows-amd64

VM Arguments:
jvm_args: -XX:MaxMetaspaceSize=2G -XX:+HeapDumpOnOutOfMemoryError --add-opens=java.base/java.util=ALL-UNNAMED --add-opens=java.base/java.lang=ALL-UNNAMED --add-opens=java.base/java.lang.invoke=ALL-UNNAMED --add-opens=java.prefs/java.util.prefs=ALL-UNNAMED --add-opens=java.base/java.nio.charset=ALL-UNNAMED --add-opens=java.base/java.net=ALL-UNNAMED --add-opens=java.base/java.util.concurrent.atomic=ALL-UNNAMED -Xmx4G -Dfile.encoding=utf8 -Duser.country=US -Duser.language=en -Duser.variant -javaagent:C:\Users\ibamq\.gradle\wrapper\dists\gradle-8.5-all\3zlzzgtsutfj0pbojr50n2l7z\gradle-8.5\lib\agents\gradle-instrumentation-agent-8.5.jar 
java_command: org.gradle.launcher.daemon.bootstrap.GradleDaemon 8.5
java_class_path (initial): C:\Users\ibamq\.gradle\wrapper\dists\gradle-8.5-all\3zlzzgtsutfj0pbojr50n2l7z\gradle-8.5\lib\gradle-launcher-8.5.jar
Launcher Type: SUN_STANDARD

[Global flags]
     intx CICompilerCount                          = 4                                         {product} {ergonomic}
     uint ConcGCThreads                            = 2                                         {product} {ergonomic}
     uint G1ConcRefinementThreads                  = 8                                         {product} {ergonomic}
   size_t G1HeapRegionSize                         = 2097152                                   {product} {ergonomic}
    uintx GCDrainStackTargetSize                   = 64                                        {product} {ergonomic}
     bool HeapDumpOnOutOfMemoryError               = true                                   {manageable} {command line}
   size_t InitialHeapSize                          = 96468992                                  {product} {ergonomic}
   size_t MarkStackSize                            = 4194304                                   {product} {ergonomic}
   size_t MaxHeapSize                              = 4294967296                                {product} {command line}
   size_t MaxMetaspaceSize                         = 2147483648                                {product} {command line}
   size_t MaxNewSize                               = 2575302656                                {product} {ergonomic}
   size_t MinHeapDeltaBytes                        = 2097152                                   {product} {ergonomic}
   size_t MinHeapSize                              = 8388608                                   {product} {ergonomic}
    uintx NonNMethodCodeHeapSize                   = 5839372                                {pd product} {ergonomic}
    uintx NonProfiledCodeHeapSize                  = 122909434                              {pd product} {ergonomic}
    uintx ProfiledCodeHeapSize                     = 122909434                              {pd product} {ergonomic}
    uintx ReservedCodeCacheSize                    = 251658240                              {pd product} {ergonomic}
     bool SegmentedCodeCache                       = true                                      {product} {ergonomic}
   size_t SoftMaxHeapSize                          = 4294967296                             {manageable} {ergonomic}
     bool UseCompressedOops                        = true                           {product lp64_product} {ergonomic}
     bool UseG1GC                                  = true                                      {product} {ergonomic}
     bool UseLargePagesIndividualAllocation        = false                                  {pd product} {ergonomic}

Logging:
Log output configuration:
 #0: stdout all=warning uptime,level,tags foldmultilines=false
 #1: stderr all=off uptime,level,tags foldmultilines=false

Environment Variables:
JAVA_HOME=C:\Program Files\Java\jdk-17.0.2
PATH=C:\Program Files\Java\jdk-17.0.2\bin;C:\app\ibamq\product\21c\dbhomeXE\bin;C:\WINDOWS\system32;C:\WINDOWS;C:\WINDOWS\System32\Wbem;C:\WINDOWS\System32\WindowsPowerShell\v1.0\;C:\WINDOWS\System32\OpenSSH\;C:\xampp\php;C:\xampp;C:\Program Files (x86)\Git\cmd;C:\MinGW\bin;C:\Program Files\MongoDB\Server\8.0\bin;C:\Users\ibamq\AppData\Local\Android\Sdk\platform-tools;C:\Users\ibamq\AppData\Local\Android\Sdk\emulator;C:\Program Files\Amazon\AWSCLIV2\;C:\Program Files\PuTTY\;C:\src\flutter\bin;C:\Program Files\nodejs\;C:\Program Files\mosquitto\;C:\laragon\bin;C:\laragon\bin\apache\httpd-2.4.54-win64-VS16\bin;C:\laragon\bin\composer;C:\laragon\bin\git\bin;C:\laragon\bin\git\cmd;C:\laragon\bin\git\mingw64\bin;C:\laragon\bin\git\usr\bin;C:\laragon\bin\laragon\utils;C:\Program Files\Java\jdk-21\bin;C:\laragon\bin\mysql\mysql-8.0.30-winx64\bin;C:\laragon\bin\nginx\nginx-1.22.0;C:\laragon\bin\ngrok;C:\laragon\bin\nodejs\node-v18;C:\laragon\bin\notepad++;C:\laragon\bin\php\php-8.1.10-Win32-vs16-x64;C:\laragon\bin\python\python-3.10;C:\laragon\bin\python\python-3.10\Scripts;C:\laragon\bin\redis\redis-x64-5.0.14.1;C:\laragon\bin\telnet;C:\laragon\usr\bin;C:\Users\ibamq\AppData\Local\Yarn\config\global\node_modules\.bin;C:\Users\ibamq\AppData\Roaming\Composer\vendor\bin;C:\Users\ibamq\AppData\Local\Programs\Python\Python311\Scripts\;C:\Users\ibamq\AppData\Local\Programs\Python\Python311\;C:\Users\ibamq\AppData\Local\Microsoft\WindowsApps;C:\Users\ibamq\AppData\Local\Programs\Microsoft VS Code\bin;C:\Program Files\MongoDB\Server\8.0\bin;C:\Users\ibamq\AppData\Local\Programs\mongosh\;C:\Users\ibamq\terraform_1.10.5_windows_386;C:\src\flutter\bin;C:\Users\ibamq\AppData\Local\Microsoft\WindowsApps;C:\Users\ibamq\AppData\Roaming\npm;C:\Program Files\mosquitto\;
USERNAME=ibamq
OS=Windows_NT
PROCESSOR_IDENTIFIER=AMD64 Family 23 Model 160 Stepping 0, AuthenticAMD
TMP=C:\Users\ibamq\AppData\Local\Temp
TEMP=C:\Users\ibamq\AppData\Local\Temp




Periodic native trim disabled

---------------  S Y S T E M  ---------------

OS:
 Windows 11 , 64 bit Build 26100 (10.0.26100.4202)
OS uptime: 0 days 10:01 hours
Hyper-V role detected

CPU: total 8 (initial active 8) (8 cores per cpu, 2 threads per core) family 23 model 160 stepping 0 microcode 0x8a00006, cx8, cmov, fxsr, ht, mmx, 3dnowpref, sse, sse2, sse3, ssse3, sse4a, sse4.1, sse4.2, popcnt, lzcnt, tsc, tscinvbit, avx, avx2, aes, clmul, bmi1, bmi2, adx, sha, fma, vzeroupper, clflush, clflushopt, hv, rdtscp, rdpid, f16c
Processor Information for all 8 processors :
  Max Mhz: 2401, Current Mhz: 2401, Mhz Limit: 2401

Memory: 4k page, system-wide physical 5877M (24M free)
TotalPageFile size 24309M (AvailPageFile size 573M)
current process WorkingSet (physical memory assigned to process): 433M, peak: 488M
current process commit charge ("private bytes"): 917M, peak: 1885M

vm_info: Java HotSpot(TM) 64-Bit Server VM (21.0.6+8-LTS-188) for windows-amd64 JRE (21.0.6+8-LTS-188), built on 2024-12-03T10:50:54Z by "mach5one" with MS VC++ 17.6 (VS2022)

END.
